<html>
<head>
<title>TestNG:  Test</title>
<link href="../testng.css" rel="stylesheet" type="text/css" />
<link href="../my-testng.css" rel="stylesheet" type="text/css" />

<style type="text/css">
.log { display: none;} 
.stack-trace { display: none;} 
</style>
<script type="text/javascript">
<!--
function flip(e) {
  current = e.style.display;
  if (current == 'block') {
    e.style.display = 'none';
    return 0;
  }
  else {
    e.style.display = 'block';
    return 1;
  }
}

function toggleBox(szDivId, elem, msg1, msg2)
{
  var res = -1;  if (document.getElementById) {
    res = flip(document.getElementById(szDivId));
  }
  else if (document.all) {
    // this is the way old msie versions work
    res = flip(document.all[szDivId]);
  }
  if(elem) {
    if(res == 0) elem.innerHTML = msg1; else elem.innerHTML = msg2;
  }

}

function toggleAllBoxes() {
  if (document.getElementsByTagName) {
    d = document.getElementsByTagName('div');
    for (i = 0; i < d.length; i++) {
      if (d[i].className == 'log') {
        flip(d[i]);
      }
    }
  }
}

// -->
</script>

</head>
<body>
<h2 align='center'>Test</h2><table border='1' align="center">
<tr>
<td>Tests passed/Failed/Skipped:</td><td>7/17/0</td>
</tr><tr>
<td>Started on:</td><td>Mon Jul 28 11:54:20 IST 2025</td>
</tr>
<tr><td>Total time:</td><td>257 seconds (257428 ms)</td>
</tr><tr>
<td>Included groups:</td><td></td>
</tr><tr>
<td>Excluded groups:</td><td></td>
</tr>
</table><p/>
<small><i>(Hover the method name to see the test class name)</i></small><p/>
<table width='100%' border='1' class='invocation-failed'>
<tr><td colspan='4' align='center'><b>FAILED TESTS</b></td></tr>
<tr><td><b>Test method</b></td>
<td width="30%"><b>Exception</b></td>
<td width="10%"><b>Time (seconds)</b></td>
<td><b>Instance</b></td>
</tr>
<tr>
<td title='com.CallTaxiService.cucumber.runners.CucumberRunnerTests.runScenario()'><b>runScenario</b><br>Test class: com.CallTaxiService.cucumber.runners.CucumberRunnerTests<br>Test method: Runs Cucumber Scenarios<br>Parameters: "Validate invalid characters in Name field", "Book a taxi functionality"</td>
<td><div><pre>java.lang.AssertionError: expected [false] but found [true]
	at com.CallTaxiService.cucumber.stepDefinitions.BookingFormTest.Booking_should_not_happen_due_to_invalid(BookingFormTest.java:62)
	at ✽.Booking should not happen due to invalid &quot;Name&quot;(file:///C:/Users/Admin/eclipse-workspace/CallTaxiService/./src/test/java/com/CallTaxiService/cucumber/features/bookingForm.feature:22)
... Removed 4 stack frames</pre></div><a href='#' onClick='toggleBox("stack-trace907089215", this, "Click to show all stack frames", "Click to hide stack frames")'>Click to show all stack frames</a>
<div class='stack-trace' id='stack-trace907089215'><pre>java.lang.AssertionError: expected [false] but found [true]
	at org.testng.Assert.fail(Assert.java:96)
	at org.testng.Assert.failNotEquals(Assert.java:776)
	at org.testng.Assert.assertFalse(Assert.java:65)
	at org.testng.Assert.assertFalse(Assert.java:75)
	at com.CallTaxiService.cucumber.stepDefinitions.BookingFormTest.Booking_should_not_happen_due_to_invalid(BookingFormTest.java:62)
	at ✽.Booking should not happen due to invalid &quot;Name&quot;(file:///C:/Users/Admin/eclipse-workspace/CallTaxiService/./src/test/java/com/CallTaxiService/cucumber/features/bookingForm.feature:22)
</pre></div></td>
<td>9</td>
<td>com.CallTaxiService.cucumber.runners.CucumberRunnerTests@4facf68f</td></tr>
<tr>
<td title='com.CallTaxiService.cucumber.runners.CucumberRunnerTests.runScenario()'><b>runScenario</b><br>Test class: com.CallTaxiService.cucumber.runners.CucumberRunnerTests<br>Test method: Runs Cucumber Scenarios<br>Parameters: "Validate invalid characters in Name field", "Book a taxi functionality"</td>
<td><div><pre>java.lang.AssertionError: expected [false] but found [true]
	at com.CallTaxiService.cucumber.stepDefinitions.BookingFormTest.Booking_should_not_happen_due_to_invalid(BookingFormTest.java:62)
	at ✽.Booking should not happen due to invalid &quot;Name&quot;(file:///C:/Users/Admin/eclipse-workspace/CallTaxiService/./src/test/java/com/CallTaxiService/cucumber/features/bookingForm.feature:22)
... Removed 4 stack frames</pre></div><a href='#' onClick='toggleBox("stack-trace444402847", this, "Click to show all stack frames", "Click to hide stack frames")'>Click to show all stack frames</a>
<div class='stack-trace' id='stack-trace444402847'><pre>java.lang.AssertionError: expected [false] but found [true]
	at org.testng.Assert.fail(Assert.java:96)
	at org.testng.Assert.failNotEquals(Assert.java:776)
	at org.testng.Assert.assertFalse(Assert.java:65)
	at org.testng.Assert.assertFalse(Assert.java:75)
	at com.CallTaxiService.cucumber.stepDefinitions.BookingFormTest.Booking_should_not_happen_due_to_invalid(BookingFormTest.java:62)
	at ✽.Booking should not happen due to invalid &quot;Name&quot;(file:///C:/Users/Admin/eclipse-workspace/CallTaxiService/./src/test/java/com/CallTaxiService/cucumber/features/bookingForm.feature:22)
</pre></div></td>
<td>9</td>
<td>com.CallTaxiService.cucumber.runners.CucumberRunnerTests@4facf68f</td></tr>
<tr>
<td title='com.CallTaxiService.cucumber.runners.CucumberRunnerTests.runScenario()'><b>runScenario</b><br>Test class: com.CallTaxiService.cucumber.runners.CucumberRunnerTests<br>Test method: Runs Cucumber Scenarios<br>Parameters: "Validate invalid characters in Name field", "Book a taxi functionality"</td>
<td><div><pre>java.lang.AssertionError: expected [false] but found [true]
	at com.CallTaxiService.cucumber.stepDefinitions.BookingFormTest.Booking_should_not_happen_due_to_invalid(BookingFormTest.java:62)
	at ✽.Booking should not happen due to invalid &quot;Name&quot;(file:///C:/Users/Admin/eclipse-workspace/CallTaxiService/./src/test/java/com/CallTaxiService/cucumber/features/bookingForm.feature:22)
... Removed 4 stack frames</pre></div><a href='#' onClick='toggleBox("stack-trace2057394816", this, "Click to show all stack frames", "Click to hide stack frames")'>Click to show all stack frames</a>
<div class='stack-trace' id='stack-trace2057394816'><pre>java.lang.AssertionError: expected [false] but found [true]
	at org.testng.Assert.fail(Assert.java:96)
	at org.testng.Assert.failNotEquals(Assert.java:776)
	at org.testng.Assert.assertFalse(Assert.java:65)
	at org.testng.Assert.assertFalse(Assert.java:75)
	at com.CallTaxiService.cucumber.stepDefinitions.BookingFormTest.Booking_should_not_happen_due_to_invalid(BookingFormTest.java:62)
	at ✽.Booking should not happen due to invalid &quot;Name&quot;(file:///C:/Users/Admin/eclipse-workspace/CallTaxiService/./src/test/java/com/CallTaxiService/cucumber/features/bookingForm.feature:22)
</pre></div></td>
<td>9</td>
<td>com.CallTaxiService.cucumber.runners.CucumberRunnerTests@4facf68f</td></tr>
<tr>
<td title='com.CallTaxiService.cucumber.runners.CucumberRunnerTests.runScenario()'><b>runScenario</b><br>Test class: com.CallTaxiService.cucumber.runners.CucumberRunnerTests<br>Test method: Runs Cucumber Scenarios<br>Parameters: "Validate invalid characters in Name field", "Book a taxi functionality"</td>
<td><div><pre>java.lang.AssertionError: expected [false] but found [true]
	at com.CallTaxiService.cucumber.stepDefinitions.BookingFormTest.Booking_should_not_happen_due_to_invalid(BookingFormTest.java:62)
	at ✽.Booking should not happen due to invalid &quot;Name&quot;(file:///C:/Users/Admin/eclipse-workspace/CallTaxiService/./src/test/java/com/CallTaxiService/cucumber/features/bookingForm.feature:22)
... Removed 4 stack frames</pre></div><a href='#' onClick='toggleBox("stack-trace67053257", this, "Click to show all stack frames", "Click to hide stack frames")'>Click to show all stack frames</a>
<div class='stack-trace' id='stack-trace67053257'><pre>java.lang.AssertionError: expected [false] but found [true]
	at org.testng.Assert.fail(Assert.java:96)
	at org.testng.Assert.failNotEquals(Assert.java:776)
	at org.testng.Assert.assertFalse(Assert.java:65)
	at org.testng.Assert.assertFalse(Assert.java:75)
	at com.CallTaxiService.cucumber.stepDefinitions.BookingFormTest.Booking_should_not_happen_due_to_invalid(BookingFormTest.java:62)
	at ✽.Booking should not happen due to invalid &quot;Name&quot;(file:///C:/Users/Admin/eclipse-workspace/CallTaxiService/./src/test/java/com/CallTaxiService/cucumber/features/bookingForm.feature:22)
</pre></div></td>
<td>9</td>
<td>com.CallTaxiService.cucumber.runners.CucumberRunnerTests@4facf68f</td></tr>
<tr>
<td title='com.CallTaxiService.cucumber.runners.CucumberRunnerTests.runScenario()'><b>runScenario</b><br>Test class: com.CallTaxiService.cucumber.runners.CucumberRunnerTests<br>Test method: Runs Cucumber Scenarios<br>Parameters: "Validate invalid characters in Name field", "Book a taxi functionality"</td>
<td><div><pre>org.openqa.selenium.TimeoutException: Expected condition failed: waiting for visibility of element located by By.xpath: //table[@id=&quot;display&quot;]//td[contains(text(),&apos;Name&apos;)]/following-sibling::td (tried for 5 second(s) with 500 milliseconds interval)
Build info: version: &apos;4.29.0&apos;, revision: &apos;5fc1ec94cb&apos;
System info: os.name: &apos;Windows 11&apos;, os.arch: &apos;amd64&apos;, os.version: &apos;10.0&apos;, java.version: &apos;21.0.7&apos;
Driver info: org.openqa.selenium.firefox.FirefoxDriver
Capabilities {acceptInsecureCerts: true, browserName: firefox, browserVersion: 141.0, moz:accessibilityChecks: false, moz:buildID: 20250717180000, moz:geckodriverVersion: 0.36.0, moz:headless: false, moz:platformVersion: 10.0, moz:processID: 11996, moz:profile: C:\Users\Admin\AppData\Loca..., moz:shutdownTimeout: 60000, moz:webdriverClick: true, moz:windowless: false, pageLoadStrategy: normal, platformName: windows, proxy: Proxy(), setWindowRect: true, strictFileInteractability: false, timeouts: {implicit: 0, pageLoad: 300000, script: 30000}, unhandledPromptBehavior: dismiss and notify, userAgent: Mozilla/5.0 (Windows NT 10....}
Session ID: 33c1da84-67e9-4287-ab9d-da77adaaf294
	at org.openqa.selenium.support.ui.WebDriverWait.timeoutException(WebDriverWait.java:84)
	at org.openqa.selenium.support.ui.FluentWait.until(FluentWait.java:228)
	at com.CallTaxiService.cucumber.pages.BookingFormPage.isErrorDisplayed(BookingFormPage.java:218)
	at com.CallTaxiService.cucumber.stepDefinitions.BookingFormTest.Booking_should_not_happen_due_to_invalid(BookingFormTest.java:62)
	at ✽.Booking should not happen due to invalid &quot;Name&quot;(file:///C:/Users/Admin/eclipse-workspace/CallTaxiService/./src/test/java/com/CallTaxiService/cucumber/features/bookingForm.feature:22)
</pre></div><a href='#' onClick='toggleBox("stack-trace190240935", this, "Click to show all stack frames", "Click to hide stack frames")'>Click to show all stack frames</a>
<div class='stack-trace' id='stack-trace190240935'><pre>org.openqa.selenium.TimeoutException: Expected condition failed: waiting for visibility of element located by By.xpath: //table[@id=&quot;display&quot;]//td[contains(text(),&apos;Name&apos;)]/following-sibling::td (tried for 5 second(s) with 500 milliseconds interval)
Build info: version: &apos;4.29.0&apos;, revision: &apos;5fc1ec94cb&apos;
System info: os.name: &apos;Windows 11&apos;, os.arch: &apos;amd64&apos;, os.version: &apos;10.0&apos;, java.version: &apos;21.0.7&apos;
Driver info: org.openqa.selenium.firefox.FirefoxDriver
Capabilities {acceptInsecureCerts: true, browserName: firefox, browserVersion: 141.0, moz:accessibilityChecks: false, moz:buildID: 20250717180000, moz:geckodriverVersion: 0.36.0, moz:headless: false, moz:platformVersion: 10.0, moz:processID: 11996, moz:profile: C:\Users\Admin\AppData\Loca..., moz:shutdownTimeout: 60000, moz:webdriverClick: true, moz:windowless: false, pageLoadStrategy: normal, platformName: windows, proxy: Proxy(), setWindowRect: true, strictFileInteractability: false, timeouts: {implicit: 0, pageLoad: 300000, script: 30000}, unhandledPromptBehavior: dismiss and notify, userAgent: Mozilla/5.0 (Windows NT 10....}
Session ID: 33c1da84-67e9-4287-ab9d-da77adaaf294
	at org.openqa.selenium.support.ui.WebDriverWait.timeoutException(WebDriverWait.java:84)
	at org.openqa.selenium.support.ui.FluentWait.until(FluentWait.java:228)
	at com.CallTaxiService.cucumber.pages.BookingFormPage.isErrorDisplayed(BookingFormPage.java:218)
	at com.CallTaxiService.cucumber.stepDefinitions.BookingFormTest.Booking_should_not_happen_due_to_invalid(BookingFormTest.java:62)
	at ✽.Booking should not happen due to invalid &quot;Name&quot;(file:///C:/Users/Admin/eclipse-workspace/CallTaxiService/./src/test/java/com/CallTaxiService/cucumber/features/bookingForm.feature:22)
</pre></div></td>
<td>14</td>
<td>com.CallTaxiService.cucumber.runners.CucumberRunnerTests@4facf68f</td></tr>
<tr>
<td title='com.CallTaxiService.cucumber.runners.CucumberRunnerTests.runScenario()'><b>runScenario</b><br>Test class: com.CallTaxiService.cucumber.runners.CucumberRunnerTests<br>Test method: Runs Cucumber Scenarios<br>Parameters: "Validate invalid email format", "Book a taxi functionality"</td>
<td><div><pre>java.lang.AssertionError: expected [false] but found [true]
	at com.CallTaxiService.cucumber.stepDefinitions.BookingFormTest.Booking_should_not_happen_due_to_invalid(BookingFormTest.java:62)
	at ✽.Booking should not happen due to invalid &quot;Email&quot;(file:///C:/Users/Admin/eclipse-workspace/CallTaxiService/./src/test/java/com/CallTaxiService/cucumber/features/bookingForm.feature:38)
... Removed 4 stack frames</pre></div><a href='#' onClick='toggleBox("stack-trace956321359", this, "Click to show all stack frames", "Click to hide stack frames")'>Click to show all stack frames</a>
<div class='stack-trace' id='stack-trace956321359'><pre>java.lang.AssertionError: expected [false] but found [true]
	at org.testng.Assert.fail(Assert.java:96)
	at org.testng.Assert.failNotEquals(Assert.java:776)
	at org.testng.Assert.assertFalse(Assert.java:65)
	at org.testng.Assert.assertFalse(Assert.java:75)
	at com.CallTaxiService.cucumber.stepDefinitions.BookingFormTest.Booking_should_not_happen_due_to_invalid(BookingFormTest.java:62)
	at ✽.Booking should not happen due to invalid &quot;Email&quot;(file:///C:/Users/Admin/eclipse-workspace/CallTaxiService/./src/test/java/com/CallTaxiService/cucumber/features/bookingForm.feature:38)
</pre></div></td>
<td>9</td>
<td>com.CallTaxiService.cucumber.runners.CucumberRunnerTests@4facf68f</td></tr>
<tr>
<td title='com.CallTaxiService.cucumber.runners.CucumberRunnerTests.runScenario()'><b>runScenario</b><br>Test class: com.CallTaxiService.cucumber.runners.CucumberRunnerTests<br>Test method: Runs Cucumber Scenarios<br>Parameters: "Validate invalid email format", "Book a taxi functionality"</td>
<td><div><pre>java.lang.AssertionError: expected [false] but found [true]
	at com.CallTaxiService.cucumber.stepDefinitions.BookingFormTest.Booking_should_not_happen_due_to_invalid(BookingFormTest.java:62)
	at ✽.Booking should not happen due to invalid &quot;Email&quot;(file:///C:/Users/Admin/eclipse-workspace/CallTaxiService/./src/test/java/com/CallTaxiService/cucumber/features/bookingForm.feature:38)
... Removed 4 stack frames</pre></div><a href='#' onClick='toggleBox("stack-trace1699335793", this, "Click to show all stack frames", "Click to hide stack frames")'>Click to show all stack frames</a>
<div class='stack-trace' id='stack-trace1699335793'><pre>java.lang.AssertionError: expected [false] but found [true]
	at org.testng.Assert.fail(Assert.java:96)
	at org.testng.Assert.failNotEquals(Assert.java:776)
	at org.testng.Assert.assertFalse(Assert.java:65)
	at org.testng.Assert.assertFalse(Assert.java:75)
	at com.CallTaxiService.cucumber.stepDefinitions.BookingFormTest.Booking_should_not_happen_due_to_invalid(BookingFormTest.java:62)
	at ✽.Booking should not happen due to invalid &quot;Email&quot;(file:///C:/Users/Admin/eclipse-workspace/CallTaxiService/./src/test/java/com/CallTaxiService/cucumber/features/bookingForm.feature:38)
</pre></div></td>
<td>9</td>
<td>com.CallTaxiService.cucumber.runners.CucumberRunnerTests@4facf68f</td></tr>
<tr>
<td title='com.CallTaxiService.cucumber.runners.CucumberRunnerTests.runScenario()'><b>runScenario</b><br>Test class: com.CallTaxiService.cucumber.runners.CucumberRunnerTests<br>Test method: Runs Cucumber Scenarios<br>Parameters: "Validate invalid email format", "Book a taxi functionality"</td>
<td><div><pre>java.lang.AssertionError: expected [false] but found [true]
	at com.CallTaxiService.cucumber.stepDefinitions.BookingFormTest.Booking_should_not_happen_due_to_invalid(BookingFormTest.java:62)
	at ✽.Booking should not happen due to invalid &quot;Email&quot;(file:///C:/Users/Admin/eclipse-workspace/CallTaxiService/./src/test/java/com/CallTaxiService/cucumber/features/bookingForm.feature:38)
... Removed 4 stack frames</pre></div><a href='#' onClick='toggleBox("stack-trace1791149473", this, "Click to show all stack frames", "Click to hide stack frames")'>Click to show all stack frames</a>
<div class='stack-trace' id='stack-trace1791149473'><pre>java.lang.AssertionError: expected [false] but found [true]
	at org.testng.Assert.fail(Assert.java:96)
	at org.testng.Assert.failNotEquals(Assert.java:776)
	at org.testng.Assert.assertFalse(Assert.java:65)
	at org.testng.Assert.assertFalse(Assert.java:75)
	at com.CallTaxiService.cucumber.stepDefinitions.BookingFormTest.Booking_should_not_happen_due_to_invalid(BookingFormTest.java:62)
	at ✽.Booking should not happen due to invalid &quot;Email&quot;(file:///C:/Users/Admin/eclipse-workspace/CallTaxiService/./src/test/java/com/CallTaxiService/cucumber/features/bookingForm.feature:38)
</pre></div></td>
<td>10</td>
<td>com.CallTaxiService.cucumber.runners.CucumberRunnerTests@4facf68f</td></tr>
<tr>
<td title='com.CallTaxiService.cucumber.runners.CucumberRunnerTests.runScenario()'><b>runScenario</b><br>Test class: com.CallTaxiService.cucumber.runners.CucumberRunnerTests<br>Test method: Runs Cucumber Scenarios<br>Parameters: "Validate invalid email format", "Book a taxi functionality"</td>
<td><div><pre>java.lang.AssertionError: expected [false] but found [true]
	at com.CallTaxiService.cucumber.stepDefinitions.BookingFormTest.Booking_should_not_happen_due_to_invalid(BookingFormTest.java:62)
	at ✽.Booking should not happen due to invalid &quot;Email&quot;(file:///C:/Users/Admin/eclipse-workspace/CallTaxiService/./src/test/java/com/CallTaxiService/cucumber/features/bookingForm.feature:38)
... Removed 4 stack frames</pre></div><a href='#' onClick='toggleBox("stack-trace861286727", this, "Click to show all stack frames", "Click to hide stack frames")'>Click to show all stack frames</a>
<div class='stack-trace' id='stack-trace861286727'><pre>java.lang.AssertionError: expected [false] but found [true]
	at org.testng.Assert.fail(Assert.java:96)
	at org.testng.Assert.failNotEquals(Assert.java:776)
	at org.testng.Assert.assertFalse(Assert.java:65)
	at org.testng.Assert.assertFalse(Assert.java:75)
	at com.CallTaxiService.cucumber.stepDefinitions.BookingFormTest.Booking_should_not_happen_due_to_invalid(BookingFormTest.java:62)
	at ✽.Booking should not happen due to invalid &quot;Email&quot;(file:///C:/Users/Admin/eclipse-workspace/CallTaxiService/./src/test/java/com/CallTaxiService/cucumber/features/bookingForm.feature:38)
</pre></div></td>
<td>11</td>
<td>com.CallTaxiService.cucumber.runners.CucumberRunnerTests@4facf68f</td></tr>
<tr>
<td title='com.CallTaxiService.cucumber.runners.CucumberRunnerTests.runScenario()'><b>runScenario</b><br>Test class: com.CallTaxiService.cucumber.runners.CucumberRunnerTests<br>Test method: Runs Cucumber Scenarios<br>Parameters: "Validate invalid email format", "Book a taxi functionality"</td>
<td><div><pre>org.openqa.selenium.TimeoutException: Expected condition failed: waiting for visibility of element located by By.xpath: //table[@id=&quot;display&quot;]//td[contains(text(),&apos;Name&apos;)]/following-sibling::td (tried for 5 second(s) with 500 milliseconds interval)
Build info: version: &apos;4.29.0&apos;, revision: &apos;5fc1ec94cb&apos;
System info: os.name: &apos;Windows 11&apos;, os.arch: &apos;amd64&apos;, os.version: &apos;10.0&apos;, java.version: &apos;21.0.7&apos;
Driver info: org.openqa.selenium.firefox.FirefoxDriver
Capabilities {acceptInsecureCerts: true, browserName: firefox, browserVersion: 141.0, moz:accessibilityChecks: false, moz:buildID: 20250717180000, moz:geckodriverVersion: 0.36.0, moz:headless: false, moz:platformVersion: 10.0, moz:processID: 13524, moz:profile: C:\Users\Admin\AppData\Loca..., moz:shutdownTimeout: 60000, moz:webdriverClick: true, moz:windowless: false, pageLoadStrategy: normal, platformName: windows, proxy: Proxy(), setWindowRect: true, strictFileInteractability: false, timeouts: {implicit: 0, pageLoad: 300000, script: 30000}, unhandledPromptBehavior: dismiss and notify, userAgent: Mozilla/5.0 (Windows NT 10....}
Session ID: bb978f0e-b78f-41bc-a77f-620da7d5af0e
	at org.openqa.selenium.support.ui.WebDriverWait.timeoutException(WebDriverWait.java:84)
	at org.openqa.selenium.support.ui.FluentWait.until(FluentWait.java:228)
	at com.CallTaxiService.cucumber.pages.BookingFormPage.isErrorDisplayed(BookingFormPage.java:218)
	at com.CallTaxiService.cucumber.stepDefinitions.BookingFormTest.Booking_should_not_happen_due_to_invalid(BookingFormTest.java:62)
	at ✽.Booking should not happen due to invalid &quot;Email&quot;(file:///C:/Users/Admin/eclipse-workspace/CallTaxiService/./src/test/java/com/CallTaxiService/cucumber/features/bookingForm.feature:38)
</pre></div><a href='#' onClick='toggleBox("stack-trace1109227776", this, "Click to show all stack frames", "Click to hide stack frames")'>Click to show all stack frames</a>
<div class='stack-trace' id='stack-trace1109227776'><pre>org.openqa.selenium.TimeoutException: Expected condition failed: waiting for visibility of element located by By.xpath: //table[@id=&quot;display&quot;]//td[contains(text(),&apos;Name&apos;)]/following-sibling::td (tried for 5 second(s) with 500 milliseconds interval)
Build info: version: &apos;4.29.0&apos;, revision: &apos;5fc1ec94cb&apos;
System info: os.name: &apos;Windows 11&apos;, os.arch: &apos;amd64&apos;, os.version: &apos;10.0&apos;, java.version: &apos;21.0.7&apos;
Driver info: org.openqa.selenium.firefox.FirefoxDriver
Capabilities {acceptInsecureCerts: true, browserName: firefox, browserVersion: 141.0, moz:accessibilityChecks: false, moz:buildID: 20250717180000, moz:geckodriverVersion: 0.36.0, moz:headless: false, moz:platformVersion: 10.0, moz:processID: 13524, moz:profile: C:\Users\Admin\AppData\Loca..., moz:shutdownTimeout: 60000, moz:webdriverClick: true, moz:windowless: false, pageLoadStrategy: normal, platformName: windows, proxy: Proxy(), setWindowRect: true, strictFileInteractability: false, timeouts: {implicit: 0, pageLoad: 300000, script: 30000}, unhandledPromptBehavior: dismiss and notify, userAgent: Mozilla/5.0 (Windows NT 10....}
Session ID: bb978f0e-b78f-41bc-a77f-620da7d5af0e
	at org.openqa.selenium.support.ui.WebDriverWait.timeoutException(WebDriverWait.java:84)
	at org.openqa.selenium.support.ui.FluentWait.until(FluentWait.java:228)
	at com.CallTaxiService.cucumber.pages.BookingFormPage.isErrorDisplayed(BookingFormPage.java:218)
	at com.CallTaxiService.cucumber.stepDefinitions.BookingFormTest.Booking_should_not_happen_due_to_invalid(BookingFormTest.java:62)
	at ✽.Booking should not happen due to invalid &quot;Email&quot;(file:///C:/Users/Admin/eclipse-workspace/CallTaxiService/./src/test/java/com/CallTaxiService/cucumber/features/bookingForm.feature:38)
</pre></div></td>
<td>15</td>
<td>com.CallTaxiService.cucumber.runners.CucumberRunnerTests@4facf68f</td></tr>
<tr>
<td title='com.CallTaxiService.cucumber.runners.CucumberRunnerTests.runScenario()'><b>runScenario</b><br>Test class: com.CallTaxiService.cucumber.runners.CucumberRunnerTests<br>Test method: Runs Cucumber Scenarios<br>Parameters: "Validate invalid phone number format", "Book a taxi functionality"</td>
<td><div><pre>java.lang.AssertionError: expected [false] but found [true]
	at com.CallTaxiService.cucumber.stepDefinitions.BookingFormTest.Booking_should_not_happen_due_to_invalid(BookingFormTest.java:62)
	at ✽.Booking should not happen due to invalid &quot;phoneNo&quot;(file:///C:/Users/Admin/eclipse-workspace/CallTaxiService/./src/test/java/com/CallTaxiService/cucumber/features/bookingForm.feature:54)
... Removed 4 stack frames</pre></div><a href='#' onClick='toggleBox("stack-trace1458383791", this, "Click to show all stack frames", "Click to hide stack frames")'>Click to show all stack frames</a>
<div class='stack-trace' id='stack-trace1458383791'><pre>java.lang.AssertionError: expected [false] but found [true]
	at org.testng.Assert.fail(Assert.java:96)
	at org.testng.Assert.failNotEquals(Assert.java:776)
	at org.testng.Assert.assertFalse(Assert.java:65)
	at org.testng.Assert.assertFalse(Assert.java:75)
	at com.CallTaxiService.cucumber.stepDefinitions.BookingFormTest.Booking_should_not_happen_due_to_invalid(BookingFormTest.java:62)
	at ✽.Booking should not happen due to invalid &quot;phoneNo&quot;(file:///C:/Users/Admin/eclipse-workspace/CallTaxiService/./src/test/java/com/CallTaxiService/cucumber/features/bookingForm.feature:54)
</pre></div></td>
<td>10</td>
<td>com.CallTaxiService.cucumber.runners.CucumberRunnerTests@4facf68f</td></tr>
<tr>
<td title='com.CallTaxiService.cucumber.runners.CucumberRunnerTests.runScenario()'><b>runScenario</b><br>Test class: com.CallTaxiService.cucumber.runners.CucumberRunnerTests<br>Test method: Runs Cucumber Scenarios<br>Parameters: "Validate invalid phone number format", "Book a taxi functionality"</td>
<td><div><pre>java.lang.AssertionError: expected [false] but found [true]
	at com.CallTaxiService.cucumber.stepDefinitions.BookingFormTest.Booking_should_not_happen_due_to_invalid(BookingFormTest.java:62)
	at ✽.Booking should not happen due to invalid &quot;phoneNo&quot;(file:///C:/Users/Admin/eclipse-workspace/CallTaxiService/./src/test/java/com/CallTaxiService/cucumber/features/bookingForm.feature:54)
... Removed 4 stack frames</pre></div><a href='#' onClick='toggleBox("stack-trace1577603673", this, "Click to show all stack frames", "Click to hide stack frames")'>Click to show all stack frames</a>
<div class='stack-trace' id='stack-trace1577603673'><pre>java.lang.AssertionError: expected [false] but found [true]
	at org.testng.Assert.fail(Assert.java:96)
	at org.testng.Assert.failNotEquals(Assert.java:776)
	at org.testng.Assert.assertFalse(Assert.java:65)
	at org.testng.Assert.assertFalse(Assert.java:75)
	at com.CallTaxiService.cucumber.stepDefinitions.BookingFormTest.Booking_should_not_happen_due_to_invalid(BookingFormTest.java:62)
	at ✽.Booking should not happen due to invalid &quot;phoneNo&quot;(file:///C:/Users/Admin/eclipse-workspace/CallTaxiService/./src/test/java/com/CallTaxiService/cucumber/features/bookingForm.feature:54)
</pre></div></td>
<td>10</td>
<td>com.CallTaxiService.cucumber.runners.CucumberRunnerTests@4facf68f</td></tr>
<tr>
<td title='com.CallTaxiService.cucumber.runners.CucumberRunnerTests.runScenario()'><b>runScenario</b><br>Test class: com.CallTaxiService.cucumber.runners.CucumberRunnerTests<br>Test method: Runs Cucumber Scenarios<br>Parameters: "Validate invalid phone number format", "Book a taxi functionality"</td>
<td><div><pre>java.lang.AssertionError: expected [false] but found [true]
	at com.CallTaxiService.cucumber.stepDefinitions.BookingFormTest.Booking_should_not_happen_due_to_invalid(BookingFormTest.java:62)
	at ✽.Booking should not happen due to invalid &quot;phoneNo&quot;(file:///C:/Users/Admin/eclipse-workspace/CallTaxiService/./src/test/java/com/CallTaxiService/cucumber/features/bookingForm.feature:54)
... Removed 4 stack frames</pre></div><a href='#' onClick='toggleBox("stack-trace42801967", this, "Click to show all stack frames", "Click to hide stack frames")'>Click to show all stack frames</a>
<div class='stack-trace' id='stack-trace42801967'><pre>java.lang.AssertionError: expected [false] but found [true]
	at org.testng.Assert.fail(Assert.java:96)
	at org.testng.Assert.failNotEquals(Assert.java:776)
	at org.testng.Assert.assertFalse(Assert.java:65)
	at org.testng.Assert.assertFalse(Assert.java:75)
	at com.CallTaxiService.cucumber.stepDefinitions.BookingFormTest.Booking_should_not_happen_due_to_invalid(BookingFormTest.java:62)
	at ✽.Booking should not happen due to invalid &quot;phoneNo&quot;(file:///C:/Users/Admin/eclipse-workspace/CallTaxiService/./src/test/java/com/CallTaxiService/cucumber/features/bookingForm.feature:54)
</pre></div></td>
<td>9</td>
<td>com.CallTaxiService.cucumber.runners.CucumberRunnerTests@4facf68f</td></tr>
<tr>
<td title='com.CallTaxiService.cucumber.runners.CucumberRunnerTests.runScenario()'><b>runScenario</b><br>Test class: com.CallTaxiService.cucumber.runners.CucumberRunnerTests<br>Test method: Runs Cucumber Scenarios<br>Parameters: "Validate invalid phone number format", "Book a taxi functionality"</td>
<td><div><pre>java.lang.AssertionError: expected [false] but found [true]
	at com.CallTaxiService.cucumber.stepDefinitions.BookingFormTest.Booking_should_not_happen_due_to_invalid(BookingFormTest.java:62)
	at ✽.Booking should not happen due to invalid &quot;phoneNo&quot;(file:///C:/Users/Admin/eclipse-workspace/CallTaxiService/./src/test/java/com/CallTaxiService/cucumber/features/bookingForm.feature:54)
... Removed 4 stack frames</pre></div><a href='#' onClick='toggleBox("stack-trace16098944", this, "Click to show all stack frames", "Click to hide stack frames")'>Click to show all stack frames</a>
<div class='stack-trace' id='stack-trace16098944'><pre>java.lang.AssertionError: expected [false] but found [true]
	at org.testng.Assert.fail(Assert.java:96)
	at org.testng.Assert.failNotEquals(Assert.java:776)
	at org.testng.Assert.assertFalse(Assert.java:65)
	at org.testng.Assert.assertFalse(Assert.java:75)
	at com.CallTaxiService.cucumber.stepDefinitions.BookingFormTest.Booking_should_not_happen_due_to_invalid(BookingFormTest.java:62)
	at ✽.Booking should not happen due to invalid &quot;phoneNo&quot;(file:///C:/Users/Admin/eclipse-workspace/CallTaxiService/./src/test/java/com/CallTaxiService/cucumber/features/bookingForm.feature:54)
</pre></div></td>
<td>9</td>
<td>com.CallTaxiService.cucumber.runners.CucumberRunnerTests@4facf68f</td></tr>
<tr>
<td title='com.CallTaxiService.cucumber.runners.CucumberRunnerTests.runScenario()'><b>runScenario</b><br>Test class: com.CallTaxiService.cucumber.runners.CucumberRunnerTests<br>Test method: Runs Cucumber Scenarios<br>Parameters: "Validate invalid phone number format", "Book a taxi functionality"</td>
<td><div><pre>org.openqa.selenium.TimeoutException: Expected condition failed: waiting for visibility of element located by By.xpath: //table[@id=&quot;display&quot;]//td[contains(text(),&apos;Name&apos;)]/following-sibling::td (tried for 5 second(s) with 500 milliseconds interval)
Build info: version: &apos;4.29.0&apos;, revision: &apos;5fc1ec94cb&apos;
System info: os.name: &apos;Windows 11&apos;, os.arch: &apos;amd64&apos;, os.version: &apos;10.0&apos;, java.version: &apos;21.0.7&apos;
Driver info: org.openqa.selenium.firefox.FirefoxDriver
Capabilities {acceptInsecureCerts: true, browserName: firefox, browserVersion: 141.0, moz:accessibilityChecks: false, moz:buildID: 20250717180000, moz:geckodriverVersion: 0.36.0, moz:headless: false, moz:platformVersion: 10.0, moz:processID: 19960, moz:profile: C:\Users\Admin\AppData\Loca..., moz:shutdownTimeout: 60000, moz:webdriverClick: true, moz:windowless: false, pageLoadStrategy: normal, platformName: windows, proxy: Proxy(), setWindowRect: true, strictFileInteractability: false, timeouts: {implicit: 0, pageLoad: 300000, script: 30000}, unhandledPromptBehavior: dismiss and notify, userAgent: Mozilla/5.0 (Windows NT 10....}
Session ID: b79d9f4d-3983-4861-afb5-34d11bc68bb4
	at org.openqa.selenium.support.ui.WebDriverWait.timeoutException(WebDriverWait.java:84)
	at org.openqa.selenium.support.ui.FluentWait.until(FluentWait.java:228)
	at com.CallTaxiService.cucumber.pages.BookingFormPage.isErrorDisplayed(BookingFormPage.java:218)
	at com.CallTaxiService.cucumber.stepDefinitions.BookingFormTest.Booking_should_not_happen_due_to_invalid(BookingFormTest.java:62)
	at ✽.Booking should not happen due to invalid &quot;phoneNo&quot;(file:///C:/Users/Admin/eclipse-workspace/CallTaxiService/./src/test/java/com/CallTaxiService/cucumber/features/bookingForm.feature:54)
</pre></div><a href='#' onClick='toggleBox("stack-trace1330012679", this, "Click to show all stack frames", "Click to hide stack frames")'>Click to show all stack frames</a>
<div class='stack-trace' id='stack-trace1330012679'><pre>org.openqa.selenium.TimeoutException: Expected condition failed: waiting for visibility of element located by By.xpath: //table[@id=&quot;display&quot;]//td[contains(text(),&apos;Name&apos;)]/following-sibling::td (tried for 5 second(s) with 500 milliseconds interval)
Build info: version: &apos;4.29.0&apos;, revision: &apos;5fc1ec94cb&apos;
System info: os.name: &apos;Windows 11&apos;, os.arch: &apos;amd64&apos;, os.version: &apos;10.0&apos;, java.version: &apos;21.0.7&apos;
Driver info: org.openqa.selenium.firefox.FirefoxDriver
Capabilities {acceptInsecureCerts: true, browserName: firefox, browserVersion: 141.0, moz:accessibilityChecks: false, moz:buildID: 20250717180000, moz:geckodriverVersion: 0.36.0, moz:headless: false, moz:platformVersion: 10.0, moz:processID: 19960, moz:profile: C:\Users\Admin\AppData\Loca..., moz:shutdownTimeout: 60000, moz:webdriverClick: true, moz:windowless: false, pageLoadStrategy: normal, platformName: windows, proxy: Proxy(), setWindowRect: true, strictFileInteractability: false, timeouts: {implicit: 0, pageLoad: 300000, script: 30000}, unhandledPromptBehavior: dismiss and notify, userAgent: Mozilla/5.0 (Windows NT 10....}
Session ID: b79d9f4d-3983-4861-afb5-34d11bc68bb4
	at org.openqa.selenium.support.ui.WebDriverWait.timeoutException(WebDriverWait.java:84)
	at org.openqa.selenium.support.ui.FluentWait.until(FluentWait.java:228)
	at com.CallTaxiService.cucumber.pages.BookingFormPage.isErrorDisplayed(BookingFormPage.java:218)
	at com.CallTaxiService.cucumber.stepDefinitions.BookingFormTest.Booking_should_not_happen_due_to_invalid(BookingFormTest.java:62)
	at ✽.Booking should not happen due to invalid &quot;phoneNo&quot;(file:///C:/Users/Admin/eclipse-workspace/CallTaxiService/./src/test/java/com/CallTaxiService/cucumber/features/bookingForm.feature:54)
</pre></div></td>
<td>16</td>
<td>com.CallTaxiService.cucumber.runners.CucumberRunnerTests@4facf68f</td></tr>
<tr>
<td title='com.CallTaxiService.cucumber.runners.CucumberRunnerTests.runScenario()'><b>runScenario</b><br>Test class: com.CallTaxiService.cucumber.runners.CucumberRunnerTests<br>Test method: Runs Cucumber Scenarios<br>Parameters: "Validate invalid date entry", "Book a taxi functionality"</td>
<td><div><pre>java.lang.AssertionError: expected [false] but found [true]
	at com.CallTaxiService.cucumber.stepDefinitions.BookingFormTest.Booking_should_not_happen_due_to_invalid(BookingFormTest.java:62)
	at ✽.Booking should not happen due to invalid &quot;Date&quot;(file:///C:/Users/Admin/eclipse-workspace/CallTaxiService/./src/test/java/com/CallTaxiService/cucumber/features/bookingForm.feature:87)
... Removed 4 stack frames</pre></div><a href='#' onClick='toggleBox("stack-trace518017014", this, "Click to show all stack frames", "Click to hide stack frames")'>Click to show all stack frames</a>
<div class='stack-trace' id='stack-trace518017014'><pre>java.lang.AssertionError: expected [false] but found [true]
	at org.testng.Assert.fail(Assert.java:96)
	at org.testng.Assert.failNotEquals(Assert.java:776)
	at org.testng.Assert.assertFalse(Assert.java:65)
	at org.testng.Assert.assertFalse(Assert.java:75)
	at com.CallTaxiService.cucumber.stepDefinitions.BookingFormTest.Booking_should_not_happen_due_to_invalid(BookingFormTest.java:62)
	at ✽.Booking should not happen due to invalid &quot;Date&quot;(file:///C:/Users/Admin/eclipse-workspace/CallTaxiService/./src/test/java/com/CallTaxiService/cucumber/features/bookingForm.feature:87)
</pre></div></td>
<td>9</td>
<td>com.CallTaxiService.cucumber.runners.CucumberRunnerTests@4facf68f</td></tr>
<tr>
<td title='com.CallTaxiService.cucumber.runners.CucumberRunnerTests.runScenario()'><b>runScenario</b><br>Test class: com.CallTaxiService.cucumber.runners.CucumberRunnerTests<br>Test method: Runs Cucumber Scenarios<br>Parameters: "Validate invalid date entry", "Book a taxi functionality"</td>
<td><div><pre>java.lang.AssertionError: expected [false] but found [true]
	at com.CallTaxiService.cucumber.stepDefinitions.BookingFormTest.Booking_should_not_happen_due_to_invalid(BookingFormTest.java:62)
	at ✽.Booking should not happen due to invalid &quot;Date&quot;(file:///C:/Users/Admin/eclipse-workspace/CallTaxiService/./src/test/java/com/CallTaxiService/cucumber/features/bookingForm.feature:87)
... Removed 4 stack frames</pre></div><a href='#' onClick='toggleBox("stack-trace928982894", this, "Click to show all stack frames", "Click to hide stack frames")'>Click to show all stack frames</a>
<div class='stack-trace' id='stack-trace928982894'><pre>java.lang.AssertionError: expected [false] but found [true]
	at org.testng.Assert.fail(Assert.java:96)
	at org.testng.Assert.failNotEquals(Assert.java:776)
	at org.testng.Assert.assertFalse(Assert.java:65)
	at org.testng.Assert.assertFalse(Assert.java:75)
	at com.CallTaxiService.cucumber.stepDefinitions.BookingFormTest.Booking_should_not_happen_due_to_invalid(BookingFormTest.java:62)
	at ✽.Booking should not happen due to invalid &quot;Date&quot;(file:///C:/Users/Admin/eclipse-workspace/CallTaxiService/./src/test/java/com/CallTaxiService/cucumber/features/bookingForm.feature:87)
</pre></div></td>
<td>9</td>
<td>com.CallTaxiService.cucumber.runners.CucumberRunnerTests@4facf68f</td></tr>
</table><p>
<table width='100%' border='1' class='invocation-passed'>
<tr><td colspan='4' align='center'><b>PASSED TESTS</b></td></tr>
<tr><td><b>Test method</b></td>
<td width="30%"><b>Exception</b></td>
<td width="10%"><b>Time (seconds)</b></td>
<td><b>Instance</b></td>
</tr>
<tr>
<td title='com.CallTaxiService.cucumber.runners.CucumberRunnerTests.runScenario()'><b>runScenario</b><br>Test class: com.CallTaxiService.cucumber.runners.CucumberRunnerTests<br>Test method: Runs Cucumber Scenarios<br>Parameters: "Validate the cab type links", "Service Cab Type links functionality"</td>
<td></td>
<td>16</td>
<td>com.CallTaxiService.cucumber.runners.CucumberRunnerTests@4facf68f</td></tr>
<tr>
<td title='com.CallTaxiService.cucumber.runners.CucumberRunnerTests.runScenario()'><b>runScenario</b><br>Test class: com.CallTaxiService.cucumber.runners.CucumberRunnerTests<br>Test method: Runs Cucumber Scenarios<br>Parameters: "Validate the cab type links", "Service Cab Type links functionality"</td>
<td></td>
<td>9</td>
<td>com.CallTaxiService.cucumber.runners.CucumberRunnerTests@4facf68f</td></tr>
<tr>
<td title='com.CallTaxiService.cucumber.runners.CucumberRunnerTests.runScenario()'><b>runScenario</b><br>Test class: com.CallTaxiService.cucumber.runners.CucumberRunnerTests<br>Test method: Runs Cucumber Scenarios<br>Parameters: "Validate the cab type links", "Service Cab Type links functionality"</td>
<td></td>
<td>8</td>
<td>com.CallTaxiService.cucumber.runners.CucumberRunnerTests@4facf68f</td></tr>
<tr>
<td title='com.CallTaxiService.cucumber.runners.CucumberRunnerTests.runScenario()'><b>runScenario</b><br>Test class: com.CallTaxiService.cucumber.runners.CucumberRunnerTests<br>Test method: Runs Cucumber Scenarios<br>Parameters: "Validate the cab type links", "Service Cab Type links functionality"</td>
<td></td>
<td>8</td>
<td>com.CallTaxiService.cucumber.runners.CucumberRunnerTests@4facf68f</td></tr>
<tr>
<td title='com.CallTaxiService.cucumber.runners.CucumberRunnerTests.runScenario()'><b>runScenario</b><br>Test class: com.CallTaxiService.cucumber.runners.CucumberRunnerTests<br>Test method: Runs Cucumber Scenarios<br>Parameters: "Enter valid details in booking form and validate the details displayed", "Book a taxi functionality"</td>
<td></td>
<td>10</td>
<td>com.CallTaxiService.cucumber.runners.CucumberRunnerTests@4facf68f</td></tr>
<tr>
<td title='com.CallTaxiService.cucumber.runners.CucumberRunnerTests.runScenario()'><b>runScenario</b><br>Test class: com.CallTaxiService.cucumber.runners.CucumberRunnerTests<br>Test method: Runs Cucumber Scenarios<br>Parameters: "Validate unselected select trip field (Long trip, Local trip)", "Book a taxi functionality"</td>
<td></td>
<td>8</td>
<td>com.CallTaxiService.cucumber.runners.CucumberRunnerTests@4facf68f</td></tr>
<tr>
<td title='com.CallTaxiService.cucumber.runners.CucumberRunnerTests.runScenario()'><b>runScenario</b><br>Test class: com.CallTaxiService.cucumber.runners.CucumberRunnerTests<br>Test method: Runs Cucumber Scenarios<br>Parameters: "Validate unselected Cab type dropdown field (Mini,Micro,Sedan,SUV)", "Book a taxi functionality"</td>
<td></td>
<td>9</td>
<td>com.CallTaxiService.cucumber.runners.CucumberRunnerTests@4facf68f</td></tr>
</table><p>
</body>
</html>