<?xml version="1.0" encoding="UTF-8"?>
<!-- Generated by org.testng.reporters.JUnitXMLReporter -->
<testsuite ignored="0" hostname="DESKTOP-840VI3P" failures="17" tests="24" name="Test" time="257.428" errors="0" timestamp="28 Jul 2025 06:28:38 GMT">
  <testcase classname="io.cucumber.testng.AbstractTestNGCucumberTests" name="runScenario" time="16.197"/>
  <testcase classname="io.cucumber.testng.AbstractTestNGCucumberTests" name="runScenario" time="9.398"/>
  <testcase classname="io.cucumber.testng.AbstractTestNGCucumberTests" name="runScenario" time="8.202"/>
  <testcase classname="io.cucumber.testng.AbstractTestNGCucumberTests" name="runScenario" time="8.465"/>
  <testcase classname="io.cucumber.testng.AbstractTestNGCucumberTests" name="runScenario" time="10.578"/>
  <testcase classname="io.cucumber.testng.AbstractTestNGCucumberTests" name="runScenario" time="9.302">
    <failure type="java.lang.AssertionError" message="expected [false] but found [true]">
      <![CDATA[java.lang.AssertionError: expected [false] but found [true]
at com.CallTaxiService.cucumber.stepDefinitions.BookingFormTest.Booking_should_not_happen_due_to_invalid(BookingFormTest.java:62)
at ✽.Booking should not happen due to invalid "Name"(file:///C:/Users/Admin/eclipse-workspace/CallTaxiService/./src/test/java/com/CallTaxiService/cucumber/features/bookingForm.feature:22)
... Removed 4 stack frames]]>
    </failure>
  </testcase> <!-- runScenario -->
  <testcase classname="io.cucumber.testng.AbstractTestNGCucumberTests" name="runScenario" time="9.302">
    <failure type="java.lang.AssertionError" message="expected [false] but found [true]">
      <![CDATA[java.lang.AssertionError: expected [false] but found [true]
at com.CallTaxiService.cucumber.stepDefinitions.BookingFormTest.Booking_should_not_happen_due_to_invalid(BookingFormTest.java:62)
at ✽.Booking should not happen due to invalid "Name"(file:///C:/Users/Admin/eclipse-workspace/CallTaxiService/./src/test/java/com/CallTaxiService/cucumber/features/bookingForm.feature:22)
... Removed 4 stack frames]]>
    </failure>
  </testcase> <!-- runScenario -->
  <testcase classname="io.cucumber.testng.AbstractTestNGCucumberTests" name="runScenario" time="9.617">
    <failure type="java.lang.AssertionError" message="expected [false] but found [true]">
      <![CDATA[java.lang.AssertionError: expected [false] but found [true]
at com.CallTaxiService.cucumber.stepDefinitions.BookingFormTest.Booking_should_not_happen_due_to_invalid(BookingFormTest.java:62)
at ✽.Booking should not happen due to invalid "Name"(file:///C:/Users/Admin/eclipse-workspace/CallTaxiService/./src/test/java/com/CallTaxiService/cucumber/features/bookingForm.feature:22)
... Removed 4 stack frames]]>
    </failure>
  </testcase> <!-- runScenario -->
  <testcase classname="io.cucumber.testng.AbstractTestNGCucumberTests" name="runScenario" time="9.537">
    <failure type="java.lang.AssertionError" message="expected [false] but found [true]">
      <![CDATA[java.lang.AssertionError: expected [false] but found [true]
at com.CallTaxiService.cucumber.stepDefinitions.BookingFormTest.Booking_should_not_happen_due_to_invalid(BookingFormTest.java:62)
at ✽.Booking should not happen due to invalid "Name"(file:///C:/Users/Admin/eclipse-workspace/CallTaxiService/./src/test/java/com/CallTaxiService/cucumber/features/bookingForm.feature:22)
... Removed 4 stack frames]]>
    </failure>
  </testcase> <!-- runScenario -->
  <testcase classname="io.cucumber.testng.AbstractTestNGCucumberTests" name="runScenario" time="14.565">
    <failure type="org.openqa.selenium.TimeoutException" message="Expected condition failed: waiting for visibility of element located by By.xpath: //table[@id=&amp;quot;display&amp;quot;]//td[contains(text(),&amp;apos;Name&amp;apos;)]/following-sibling::td (tried for 5 second(s) with 500 milliseconds interval)
Build info: version: &amp;apos;4.29.0&amp;apos;, revision: &amp;apos;5fc1ec94cb&amp;apos;
System info: os.name: &amp;apos;Windows 11&amp;apos;, os.arch: &amp;apos;amd64&amp;apos;, os.version: &amp;apos;10.0&amp;apos;, java.version: &amp;apos;21.0.7&amp;apos;
Driver info: org.openqa.selenium.firefox.FirefoxDriver
Capabilities {acceptInsecureCerts: true, browserName: firefox, browserVersion: 141.0, moz:accessibilityChecks: false, moz:buildID: 20250717180000, moz:geckodriverVersion: 0.36.0, moz:headless: false, moz:platformVersion: 10.0, moz:processID: 11996, moz:profile: C:\Users\Admin\AppData\Loca..., moz:shutdownTimeout: 60000, moz:webdriverClick: true, moz:windowless: false, pageLoadStrategy: normal, platformName: windows, proxy: Proxy(), setWindowRect: true, strictFileInteractability: false, timeouts: {implicit: 0, pageLoad: 300000, script: 30000}, unhandledPromptBehavior: dismiss and notify, userAgent: Mozilla/5.0 (Windows NT 10....}
Session ID: 33c1da84-67e9-4287-ab9d-da77adaaf294">
      <![CDATA[org.openqa.selenium.TimeoutException: Expected condition failed: waiting for visibility of element located by By.xpath: //table[@id="display"]//td[contains(text(),'Name')]/following-sibling::td (tried for 5 second(s) with 500 milliseconds interval)
Build info: version: '4.29.0', revision: '5fc1ec94cb'
System info: os.name: 'Windows 11', os.arch: 'amd64', os.version: '10.0', java.version: '21.0.7'
Driver info: org.openqa.selenium.firefox.FirefoxDriver
Capabilities {acceptInsecureCerts: true, browserName: firefox, browserVersion: 141.0, moz:accessibilityChecks: false, moz:buildID: 20250717180000, moz:geckodriverVersion: 0.36.0, moz:headless: false, moz:platformVersion: 10.0, moz:processID: 11996, moz:profile: C:\Users\Admin\AppData\Loca..., moz:shutdownTimeout: 60000, moz:webdriverClick: true, moz:windowless: false, pageLoadStrategy: normal, platformName: windows, proxy: Proxy(), setWindowRect: true, strictFileInteractability: false, timeouts: {implicit: 0, pageLoad: 300000, script: 30000}, unhandledPromptBehavior: dismiss and notify, userAgent: Mozilla/5.0 (Windows NT 10....}
Session ID: 33c1da84-67e9-4287-ab9d-da77adaaf294
at org.openqa.selenium.support.ui.WebDriverWait.timeoutException(WebDriverWait.java:84)
at org.openqa.selenium.support.ui.FluentWait.until(FluentWait.java:228)
at com.CallTaxiService.cucumber.pages.BookingFormPage.isErrorDisplayed(BookingFormPage.java:218)
at com.CallTaxiService.cucumber.stepDefinitions.BookingFormTest.Booking_should_not_happen_due_to_invalid(BookingFormTest.java:62)
at ✽.Booking should not happen due to invalid "Name"(file:///C:/Users/Admin/eclipse-workspace/CallTaxiService/./src/test/java/com/CallTaxiService/cucumber/features/bookingForm.feature:22)
]]>
    </failure>
  </testcase> <!-- runScenario -->
  <testcase classname="io.cucumber.testng.AbstractTestNGCucumberTests" name="runScenario" time="9.762">
    <failure type="java.lang.AssertionError" message="expected [false] but found [true]">
      <![CDATA[java.lang.AssertionError: expected [false] but found [true]
at com.CallTaxiService.cucumber.stepDefinitions.BookingFormTest.Booking_should_not_happen_due_to_invalid(BookingFormTest.java:62)
at ✽.Booking should not happen due to invalid "Email"(file:///C:/Users/Admin/eclipse-workspace/CallTaxiService/./src/test/java/com/CallTaxiService/cucumber/features/bookingForm.feature:38)
... Removed 4 stack frames]]>
    </failure>
  </testcase> <!-- runScenario -->
  <testcase classname="io.cucumber.testng.AbstractTestNGCucumberTests" name="runScenario" time="9.751">
    <failure type="java.lang.AssertionError" message="expected [false] but found [true]">
      <![CDATA[java.lang.AssertionError: expected [false] but found [true]
at com.CallTaxiService.cucumber.stepDefinitions.BookingFormTest.Booking_should_not_happen_due_to_invalid(BookingFormTest.java:62)
at ✽.Booking should not happen due to invalid "Email"(file:///C:/Users/Admin/eclipse-workspace/CallTaxiService/./src/test/java/com/CallTaxiService/cucumber/features/bookingForm.feature:38)
... Removed 4 stack frames]]>
    </failure>
  </testcase> <!-- runScenario -->
  <testcase classname="io.cucumber.testng.AbstractTestNGCucumberTests" name="runScenario" time="10.798">
    <failure type="java.lang.AssertionError" message="expected [false] but found [true]">
      <![CDATA[java.lang.AssertionError: expected [false] but found [true]
at com.CallTaxiService.cucumber.stepDefinitions.BookingFormTest.Booking_should_not_happen_due_to_invalid(BookingFormTest.java:62)
at ✽.Booking should not happen due to invalid "Email"(file:///C:/Users/Admin/eclipse-workspace/CallTaxiService/./src/test/java/com/CallTaxiService/cucumber/features/bookingForm.feature:38)
... Removed 4 stack frames]]>
    </failure>
  </testcase> <!-- runScenario -->
  <testcase classname="io.cucumber.testng.AbstractTestNGCucumberTests" name="runScenario" time="11.083">
    <failure type="java.lang.AssertionError" message="expected [false] but found [true]">
      <![CDATA[java.lang.AssertionError: expected [false] but found [true]
at com.CallTaxiService.cucumber.stepDefinitions.BookingFormTest.Booking_should_not_happen_due_to_invalid(BookingFormTest.java:62)
at ✽.Booking should not happen due to invalid "Email"(file:///C:/Users/Admin/eclipse-workspace/CallTaxiService/./src/test/java/com/CallTaxiService/cucumber/features/bookingForm.feature:38)
... Removed 4 stack frames]]>
    </failure>
  </testcase> <!-- runScenario -->
  <testcase classname="io.cucumber.testng.AbstractTestNGCucumberTests" name="runScenario" time="15.485">
    <failure type="org.openqa.selenium.TimeoutException" message="Expected condition failed: waiting for visibility of element located by By.xpath: //table[@id=&amp;quot;display&amp;quot;]//td[contains(text(),&amp;apos;Name&amp;apos;)]/following-sibling::td (tried for 5 second(s) with 500 milliseconds interval)
Build info: version: &amp;apos;4.29.0&amp;apos;, revision: &amp;apos;5fc1ec94cb&amp;apos;
System info: os.name: &amp;apos;Windows 11&amp;apos;, os.arch: &amp;apos;amd64&amp;apos;, os.version: &amp;apos;10.0&amp;apos;, java.version: &amp;apos;21.0.7&amp;apos;
Driver info: org.openqa.selenium.firefox.FirefoxDriver
Capabilities {acceptInsecureCerts: true, browserName: firefox, browserVersion: 141.0, moz:accessibilityChecks: false, moz:buildID: 20250717180000, moz:geckodriverVersion: 0.36.0, moz:headless: false, moz:platformVersion: 10.0, moz:processID: 13524, moz:profile: C:\Users\Admin\AppData\Loca..., moz:shutdownTimeout: 60000, moz:webdriverClick: true, moz:windowless: false, pageLoadStrategy: normal, platformName: windows, proxy: Proxy(), setWindowRect: true, strictFileInteractability: false, timeouts: {implicit: 0, pageLoad: 300000, script: 30000}, unhandledPromptBehavior: dismiss and notify, userAgent: Mozilla/5.0 (Windows NT 10....}
Session ID: bb978f0e-b78f-41bc-a77f-620da7d5af0e">
      <![CDATA[org.openqa.selenium.TimeoutException: Expected condition failed: waiting for visibility of element located by By.xpath: //table[@id="display"]//td[contains(text(),'Name')]/following-sibling::td (tried for 5 second(s) with 500 milliseconds interval)
Build info: version: '4.29.0', revision: '5fc1ec94cb'
System info: os.name: 'Windows 11', os.arch: 'amd64', os.version: '10.0', java.version: '21.0.7'
Driver info: org.openqa.selenium.firefox.FirefoxDriver
Capabilities {acceptInsecureCerts: true, browserName: firefox, browserVersion: 141.0, moz:accessibilityChecks: false, moz:buildID: 20250717180000, moz:geckodriverVersion: 0.36.0, moz:headless: false, moz:platformVersion: 10.0, moz:processID: 13524, moz:profile: C:\Users\Admin\AppData\Loca..., moz:shutdownTimeout: 60000, moz:webdriverClick: true, moz:windowless: false, pageLoadStrategy: normal, platformName: windows, proxy: Proxy(), setWindowRect: true, strictFileInteractability: false, timeouts: {implicit: 0, pageLoad: 300000, script: 30000}, unhandledPromptBehavior: dismiss and notify, userAgent: Mozilla/5.0 (Windows NT 10....}
Session ID: bb978f0e-b78f-41bc-a77f-620da7d5af0e
at org.openqa.selenium.support.ui.WebDriverWait.timeoutException(WebDriverWait.java:84)
at org.openqa.selenium.support.ui.FluentWait.until(FluentWait.java:228)
at com.CallTaxiService.cucumber.pages.BookingFormPage.isErrorDisplayed(BookingFormPage.java:218)
at com.CallTaxiService.cucumber.stepDefinitions.BookingFormTest.Booking_should_not_happen_due_to_invalid(BookingFormTest.java:62)
at ✽.Booking should not happen due to invalid "Email"(file:///C:/Users/Admin/eclipse-workspace/CallTaxiService/./src/test/java/com/CallTaxiService/cucumber/features/bookingForm.feature:38)
]]>
    </failure>
  </testcase> <!-- runScenario -->
  <testcase classname="io.cucumber.testng.AbstractTestNGCucumberTests" name="runScenario" time="10.647">
    <failure type="java.lang.AssertionError" message="expected [false] but found [true]">
      <![CDATA[java.lang.AssertionError: expected [false] but found [true]
at com.CallTaxiService.cucumber.stepDefinitions.BookingFormTest.Booking_should_not_happen_due_to_invalid(BookingFormTest.java:62)
at ✽.Booking should not happen due to invalid "phoneNo"(file:///C:/Users/Admin/eclipse-workspace/CallTaxiService/./src/test/java/com/CallTaxiService/cucumber/features/bookingForm.feature:54)
... Removed 4 stack frames]]>
    </failure>
  </testcase> <!-- runScenario -->
  <testcase classname="io.cucumber.testng.AbstractTestNGCucumberTests" name="runScenario" time="10.214">
    <failure type="java.lang.AssertionError" message="expected [false] but found [true]">
      <![CDATA[java.lang.AssertionError: expected [false] but found [true]
at com.CallTaxiService.cucumber.stepDefinitions.BookingFormTest.Booking_should_not_happen_due_to_invalid(BookingFormTest.java:62)
at ✽.Booking should not happen due to invalid "phoneNo"(file:///C:/Users/Admin/eclipse-workspace/CallTaxiService/./src/test/java/com/CallTaxiService/cucumber/features/bookingForm.feature:54)
... Removed 4 stack frames]]>
    </failure>
  </testcase> <!-- runScenario -->
  <testcase classname="io.cucumber.testng.AbstractTestNGCucumberTests" name="runScenario" time="9.448">
    <failure type="java.lang.AssertionError" message="expected [false] but found [true]">
      <![CDATA[java.lang.AssertionError: expected [false] but found [true]
at com.CallTaxiService.cucumber.stepDefinitions.BookingFormTest.Booking_should_not_happen_due_to_invalid(BookingFormTest.java:62)
at ✽.Booking should not happen due to invalid "phoneNo"(file:///C:/Users/Admin/eclipse-workspace/CallTaxiService/./src/test/java/com/CallTaxiService/cucumber/features/bookingForm.feature:54)
... Removed 4 stack frames]]>
    </failure>
  </testcase> <!-- runScenario -->
  <testcase classname="io.cucumber.testng.AbstractTestNGCucumberTests" name="runScenario" time="9.679">
    <failure type="java.lang.AssertionError" message="expected [false] but found [true]">
      <![CDATA[java.lang.AssertionError: expected [false] but found [true]
at com.CallTaxiService.cucumber.stepDefinitions.BookingFormTest.Booking_should_not_happen_due_to_invalid(BookingFormTest.java:62)
at ✽.Booking should not happen due to invalid "phoneNo"(file:///C:/Users/Admin/eclipse-workspace/CallTaxiService/./src/test/java/com/CallTaxiService/cucumber/features/bookingForm.feature:54)
... Removed 4 stack frames]]>
    </failure>
  </testcase> <!-- runScenario -->
  <testcase classname="io.cucumber.testng.AbstractTestNGCucumberTests" name="runScenario" time="16.049">
    <failure type="org.openqa.selenium.TimeoutException" message="Expected condition failed: waiting for visibility of element located by By.xpath: //table[@id=&amp;quot;display&amp;quot;]//td[contains(text(),&amp;apos;Name&amp;apos;)]/following-sibling::td (tried for 5 second(s) with 500 milliseconds interval)
Build info: version: &amp;apos;4.29.0&amp;apos;, revision: &amp;apos;5fc1ec94cb&amp;apos;
System info: os.name: &amp;apos;Windows 11&amp;apos;, os.arch: &amp;apos;amd64&amp;apos;, os.version: &amp;apos;10.0&amp;apos;, java.version: &amp;apos;21.0.7&amp;apos;
Driver info: org.openqa.selenium.firefox.FirefoxDriver
Capabilities {acceptInsecureCerts: true, browserName: firefox, browserVersion: 141.0, moz:accessibilityChecks: false, moz:buildID: 20250717180000, moz:geckodriverVersion: 0.36.0, moz:headless: false, moz:platformVersion: 10.0, moz:processID: 19960, moz:profile: C:\Users\Admin\AppData\Loca..., moz:shutdownTimeout: 60000, moz:webdriverClick: true, moz:windowless: false, pageLoadStrategy: normal, platformName: windows, proxy: Proxy(), setWindowRect: true, strictFileInteractability: false, timeouts: {implicit: 0, pageLoad: 300000, script: 30000}, unhandledPromptBehavior: dismiss and notify, userAgent: Mozilla/5.0 (Windows NT 10....}
Session ID: b79d9f4d-3983-4861-afb5-34d11bc68bb4">
      <![CDATA[org.openqa.selenium.TimeoutException: Expected condition failed: waiting for visibility of element located by By.xpath: //table[@id="display"]//td[contains(text(),'Name')]/following-sibling::td (tried for 5 second(s) with 500 milliseconds interval)
Build info: version: '4.29.0', revision: '5fc1ec94cb'
System info: os.name: 'Windows 11', os.arch: 'amd64', os.version: '10.0', java.version: '21.0.7'
Driver info: org.openqa.selenium.firefox.FirefoxDriver
Capabilities {acceptInsecureCerts: true, browserName: firefox, browserVersion: 141.0, moz:accessibilityChecks: false, moz:buildID: 20250717180000, moz:geckodriverVersion: 0.36.0, moz:headless: false, moz:platformVersion: 10.0, moz:processID: 19960, moz:profile: C:\Users\Admin\AppData\Loca..., moz:shutdownTimeout: 60000, moz:webdriverClick: true, moz:windowless: false, pageLoadStrategy: normal, platformName: windows, proxy: Proxy(), setWindowRect: true, strictFileInteractability: false, timeouts: {implicit: 0, pageLoad: 300000, script: 30000}, unhandledPromptBehavior: dismiss and notify, userAgent: Mozilla/5.0 (Windows NT 10....}
Session ID: b79d9f4d-3983-4861-afb5-34d11bc68bb4
at org.openqa.selenium.support.ui.WebDriverWait.timeoutException(WebDriverWait.java:84)
at org.openqa.selenium.support.ui.FluentWait.until(FluentWait.java:228)
at com.CallTaxiService.cucumber.pages.BookingFormPage.isErrorDisplayed(BookingFormPage.java:218)
at com.CallTaxiService.cucumber.stepDefinitions.BookingFormTest.Booking_should_not_happen_due_to_invalid(BookingFormTest.java:62)
at ✽.Booking should not happen due to invalid "phoneNo"(file:///C:/Users/Admin/eclipse-workspace/CallTaxiService/./src/test/java/com/CallTaxiService/cucumber/features/bookingForm.feature:54)
]]>
    </failure>
  </testcase> <!-- runScenario -->
  <testcase classname="io.cucumber.testng.AbstractTestNGCucumberTests" name="runScenario" time="8.935"/>
  <testcase classname="io.cucumber.testng.AbstractTestNGCucumberTests" name="runScenario" time="9.003"/>
  <testcase classname="io.cucumber.testng.AbstractTestNGCucumberTests" name="runScenario" time="9.048">
    <failure type="java.lang.AssertionError" message="expected [false] but found [true]">
      <![CDATA[java.lang.AssertionError: expected [false] but found [true]
at com.CallTaxiService.cucumber.stepDefinitions.BookingFormTest.Booking_should_not_happen_due_to_invalid(BookingFormTest.java:62)
at ✽.Booking should not happen due to invalid "Date"(file:///C:/Users/Admin/eclipse-workspace/CallTaxiService/./src/test/java/com/CallTaxiService/cucumber/features/bookingForm.feature:87)
... Removed 4 stack frames]]>
    </failure>
  </testcase> <!-- runScenario -->
  <testcase classname="io.cucumber.testng.AbstractTestNGCucumberTests" name="runScenario" time="9.096">
    <failure type="java.lang.AssertionError" message="expected [false] but found [true]">
      <![CDATA[java.lang.AssertionError: expected [false] but found [true]
at com.CallTaxiService.cucumber.stepDefinitions.BookingFormTest.Booking_should_not_happen_due_to_invalid(BookingFormTest.java:62)
at ✽.Booking should not happen due to invalid "Date"(file:///C:/Users/Admin/eclipse-workspace/CallTaxiService/./src/test/java/com/CallTaxiService/cucumber/features/bookingForm.feature:87)
... Removed 4 stack frames]]>
    </failure>
  </testcase> <!-- runScenario -->
</testsuite> <!-- Test -->
