<html>
<head>
<title>TestNG:  Test</title>
<link href="../testng.css" rel="stylesheet" type="text/css" />
<link href="../my-testng.css" rel="stylesheet" type="text/css" />

<style type="text/css">
.log { display: none;} 
.stack-trace { display: none;} 
</style>
<script type="text/javascript">
<!--
function flip(e) {
  current = e.style.display;
  if (current == 'block') {
    e.style.display = 'none';
    return 0;
  }
  else {
    e.style.display = 'block';
    return 1;
  }
}

function toggleBox(szDivId, elem, msg1, msg2)
{
  var res = -1;  if (document.getElementById) {
    res = flip(document.getElementById(szDivId));
  }
  else if (document.all) {
    // this is the way old msie versions work
    res = flip(document.all[szDivId]);
  }
  if(elem) {
    if(res == 0) elem.innerHTML = msg1; else elem.innerHTML = msg2;
  }

}

function toggleAllBoxes() {
  if (document.getElementsByTagName) {
    d = document.getElementsByTagName('div');
    for (i = 0; i < d.length; i++) {
      if (d[i].className == 'log') {
        flip(d[i]);
      }
    }
  }
}

// -->
</script>

</head>
<body>
<h2 align='center'>Test</h2><table border='1' align="center">
<tr>
<td>Tests passed/Failed/Skipped:</td><td>10/14/0</td>
</tr><tr>
<td>Started on:</td><td>Sun Aug 03 12:44:02 IST 2025</td>
</tr>
<tr><td>Total time:</td><td>206 seconds (206531 ms)</td>
</tr><tr>
<td>Included groups:</td><td></td>
</tr><tr>
<td>Excluded groups:</td><td></td>
</tr>
</table><p/>
<small><i>(Hover the method name to see the test class name)</i></small><p/>
<table width='100%' border='1' class='invocation-failed'>
<tr><td colspan='4' align='center'><b>FAILED TESTS</b></td></tr>
<tr><td><b>Test method</b></td>
<td width="30%"><b>Exception</b></td>
<td width="10%"><b>Time (seconds)</b></td>
<td><b>Instance</b></td>
</tr>
<tr>
<td title='com.CallTaxiService.cucumber.runners.CucumberRunnerTests.runScenario()'><b>runScenario</b><br>Test class: com.CallTaxiService.cucumber.runners.CucumberRunnerTests<br>Test method: Runs Cucumber Scenarios<br>Parameters: "Validate invalid characters in Name field", "Book a taxi functionality"</td>
<td><div><pre>java.lang.AssertionError: expected [false] but found [true]
	at com.CallTaxiService.cucumber.stepDefinitions.BookingFormTest.Booking_should_not_happen_due_to_invalid(BookingFormTest.java:62)
	at ✽.Booking should not happen due to invalid &quot;Name&quot;(file:///C:/Users/Admin/eclipse-workspace/CallTaxiService/./src/test/java/com/CallTaxiService/cucumber/features/bookingForm.feature:22)
... Removed 4 stack frames</pre></div><a href='#' onClick='toggleBox("stack-trace1226378966", this, "Click to show all stack frames", "Click to hide stack frames")'>Click to show all stack frames</a>
<div class='stack-trace' id='stack-trace1226378966'><pre>java.lang.AssertionError: expected [false] but found [true]
	at org.testng.Assert.fail(Assert.java:96)
	at org.testng.Assert.failNotEquals(Assert.java:776)
	at org.testng.Assert.assertFalse(Assert.java:65)
	at org.testng.Assert.assertFalse(Assert.java:75)
	at com.CallTaxiService.cucumber.stepDefinitions.BookingFormTest.Booking_should_not_happen_due_to_invalid(BookingFormTest.java:62)
	at ✽.Booking should not happen due to invalid &quot;Name&quot;(file:///C:/Users/Admin/eclipse-workspace/CallTaxiService/./src/test/java/com/CallTaxiService/cucumber/features/bookingForm.feature:22)
</pre></div></td>
<td>8</td>
<td>com.CallTaxiService.cucumber.runners.CucumberRunnerTests@6dbb137d</td></tr>
<tr>
<td title='com.CallTaxiService.cucumber.runners.CucumberRunnerTests.runScenario()'><b>runScenario</b><br>Test class: com.CallTaxiService.cucumber.runners.CucumberRunnerTests<br>Test method: Runs Cucumber Scenarios<br>Parameters: "Validate invalid characters in Name field", "Book a taxi functionality"</td>
<td><div><pre>java.lang.AssertionError: expected [false] but found [true]
	at com.CallTaxiService.cucumber.stepDefinitions.BookingFormTest.Booking_should_not_happen_due_to_invalid(BookingFormTest.java:62)
	at ✽.Booking should not happen due to invalid &quot;Name&quot;(file:///C:/Users/Admin/eclipse-workspace/CallTaxiService/./src/test/java/com/CallTaxiService/cucumber/features/bookingForm.feature:22)
... Removed 4 stack frames</pre></div><a href='#' onClick='toggleBox("stack-trace2074109190", this, "Click to show all stack frames", "Click to hide stack frames")'>Click to show all stack frames</a>
<div class='stack-trace' id='stack-trace2074109190'><pre>java.lang.AssertionError: expected [false] but found [true]
	at org.testng.Assert.fail(Assert.java:96)
	at org.testng.Assert.failNotEquals(Assert.java:776)
	at org.testng.Assert.assertFalse(Assert.java:65)
	at org.testng.Assert.assertFalse(Assert.java:75)
	at com.CallTaxiService.cucumber.stepDefinitions.BookingFormTest.Booking_should_not_happen_due_to_invalid(BookingFormTest.java:62)
	at ✽.Booking should not happen due to invalid &quot;Name&quot;(file:///C:/Users/Admin/eclipse-workspace/CallTaxiService/./src/test/java/com/CallTaxiService/cucumber/features/bookingForm.feature:22)
</pre></div></td>
<td>8</td>
<td>com.CallTaxiService.cucumber.runners.CucumberRunnerTests@6dbb137d</td></tr>
<tr>
<td title='com.CallTaxiService.cucumber.runners.CucumberRunnerTests.runScenario()'><b>runScenario</b><br>Test class: com.CallTaxiService.cucumber.runners.CucumberRunnerTests<br>Test method: Runs Cucumber Scenarios<br>Parameters: "Validate invalid characters in Name field", "Book a taxi functionality"</td>
<td><div><pre>java.lang.AssertionError: expected [false] but found [true]
	at com.CallTaxiService.cucumber.stepDefinitions.BookingFormTest.Booking_should_not_happen_due_to_invalid(BookingFormTest.java:62)
	at ✽.Booking should not happen due to invalid &quot;Name&quot;(file:///C:/Users/Admin/eclipse-workspace/CallTaxiService/./src/test/java/com/CallTaxiService/cucumber/features/bookingForm.feature:22)
... Removed 4 stack frames</pre></div><a href='#' onClick='toggleBox("stack-trace1853443923", this, "Click to show all stack frames", "Click to hide stack frames")'>Click to show all stack frames</a>
<div class='stack-trace' id='stack-trace1853443923'><pre>java.lang.AssertionError: expected [false] but found [true]
	at org.testng.Assert.fail(Assert.java:96)
	at org.testng.Assert.failNotEquals(Assert.java:776)
	at org.testng.Assert.assertFalse(Assert.java:65)
	at org.testng.Assert.assertFalse(Assert.java:75)
	at com.CallTaxiService.cucumber.stepDefinitions.BookingFormTest.Booking_should_not_happen_due_to_invalid(BookingFormTest.java:62)
	at ✽.Booking should not happen due to invalid &quot;Name&quot;(file:///C:/Users/Admin/eclipse-workspace/CallTaxiService/./src/test/java/com/CallTaxiService/cucumber/features/bookingForm.feature:22)
</pre></div></td>
<td>8</td>
<td>com.CallTaxiService.cucumber.runners.CucumberRunnerTests@6dbb137d</td></tr>
<tr>
<td title='com.CallTaxiService.cucumber.runners.CucumberRunnerTests.runScenario()'><b>runScenario</b><br>Test class: com.CallTaxiService.cucumber.runners.CucumberRunnerTests<br>Test method: Runs Cucumber Scenarios<br>Parameters: "Validate invalid characters in Name field", "Book a taxi functionality"</td>
<td><div><pre>java.lang.AssertionError: expected [false] but found [true]
	at com.CallTaxiService.cucumber.stepDefinitions.BookingFormTest.Booking_should_not_happen_due_to_invalid(BookingFormTest.java:62)
	at ✽.Booking should not happen due to invalid &quot;Name&quot;(file:///C:/Users/Admin/eclipse-workspace/CallTaxiService/./src/test/java/com/CallTaxiService/cucumber/features/bookingForm.feature:22)
... Removed 4 stack frames</pre></div><a href='#' onClick='toggleBox("stack-trace1251232505", this, "Click to show all stack frames", "Click to hide stack frames")'>Click to show all stack frames</a>
<div class='stack-trace' id='stack-trace1251232505'><pre>java.lang.AssertionError: expected [false] but found [true]
	at org.testng.Assert.fail(Assert.java:96)
	at org.testng.Assert.failNotEquals(Assert.java:776)
	at org.testng.Assert.assertFalse(Assert.java:65)
	at org.testng.Assert.assertFalse(Assert.java:75)
	at com.CallTaxiService.cucumber.stepDefinitions.BookingFormTest.Booking_should_not_happen_due_to_invalid(BookingFormTest.java:62)
	at ✽.Booking should not happen due to invalid &quot;Name&quot;(file:///C:/Users/Admin/eclipse-workspace/CallTaxiService/./src/test/java/com/CallTaxiService/cucumber/features/bookingForm.feature:22)
</pre></div></td>
<td>7</td>
<td>com.CallTaxiService.cucumber.runners.CucumberRunnerTests@6dbb137d</td></tr>
<tr>
<td title='com.CallTaxiService.cucumber.runners.CucumberRunnerTests.runScenario()'><b>runScenario</b><br>Test class: com.CallTaxiService.cucumber.runners.CucumberRunnerTests<br>Test method: Runs Cucumber Scenarios<br>Parameters: "Validate invalid email format", "Book a taxi functionality"</td>
<td><div><pre>java.lang.AssertionError: expected [false] but found [true]
	at com.CallTaxiService.cucumber.stepDefinitions.BookingFormTest.Booking_should_not_happen_due_to_invalid(BookingFormTest.java:62)
	at ✽.Booking should not happen due to invalid &quot;Email&quot;(file:///C:/Users/Admin/eclipse-workspace/CallTaxiService/./src/test/java/com/CallTaxiService/cucumber/features/bookingForm.feature:38)
... Removed 4 stack frames</pre></div><a href='#' onClick='toggleBox("stack-trace1246215324", this, "Click to show all stack frames", "Click to hide stack frames")'>Click to show all stack frames</a>
<div class='stack-trace' id='stack-trace1246215324'><pre>java.lang.AssertionError: expected [false] but found [true]
	at org.testng.Assert.fail(Assert.java:96)
	at org.testng.Assert.failNotEquals(Assert.java:776)
	at org.testng.Assert.assertFalse(Assert.java:65)
	at org.testng.Assert.assertFalse(Assert.java:75)
	at com.CallTaxiService.cucumber.stepDefinitions.BookingFormTest.Booking_should_not_happen_due_to_invalid(BookingFormTest.java:62)
	at ✽.Booking should not happen due to invalid &quot;Email&quot;(file:///C:/Users/Admin/eclipse-workspace/CallTaxiService/./src/test/java/com/CallTaxiService/cucumber/features/bookingForm.feature:38)
</pre></div></td>
<td>8</td>
<td>com.CallTaxiService.cucumber.runners.CucumberRunnerTests@6dbb137d</td></tr>
<tr>
<td title='com.CallTaxiService.cucumber.runners.CucumberRunnerTests.runScenario()'><b>runScenario</b><br>Test class: com.CallTaxiService.cucumber.runners.CucumberRunnerTests<br>Test method: Runs Cucumber Scenarios<br>Parameters: "Validate invalid email format", "Book a taxi functionality"</td>
<td><div><pre>java.lang.AssertionError: expected [false] but found [true]
	at com.CallTaxiService.cucumber.stepDefinitions.BookingFormTest.Booking_should_not_happen_due_to_invalid(BookingFormTest.java:62)
	at ✽.Booking should not happen due to invalid &quot;Email&quot;(file:///C:/Users/Admin/eclipse-workspace/CallTaxiService/./src/test/java/com/CallTaxiService/cucumber/features/bookingForm.feature:38)
... Removed 4 stack frames</pre></div><a href='#' onClick='toggleBox("stack-trace2105723478", this, "Click to show all stack frames", "Click to hide stack frames")'>Click to show all stack frames</a>
<div class='stack-trace' id='stack-trace2105723478'><pre>java.lang.AssertionError: expected [false] but found [true]
	at org.testng.Assert.fail(Assert.java:96)
	at org.testng.Assert.failNotEquals(Assert.java:776)
	at org.testng.Assert.assertFalse(Assert.java:65)
	at org.testng.Assert.assertFalse(Assert.java:75)
	at com.CallTaxiService.cucumber.stepDefinitions.BookingFormTest.Booking_should_not_happen_due_to_invalid(BookingFormTest.java:62)
	at ✽.Booking should not happen due to invalid &quot;Email&quot;(file:///C:/Users/Admin/eclipse-workspace/CallTaxiService/./src/test/java/com/CallTaxiService/cucumber/features/bookingForm.feature:38)
</pre></div></td>
<td>9</td>
<td>com.CallTaxiService.cucumber.runners.CucumberRunnerTests@6dbb137d</td></tr>
<tr>
<td title='com.CallTaxiService.cucumber.runners.CucumberRunnerTests.runScenario()'><b>runScenario</b><br>Test class: com.CallTaxiService.cucumber.runners.CucumberRunnerTests<br>Test method: Runs Cucumber Scenarios<br>Parameters: "Validate invalid email format", "Book a taxi functionality"</td>
<td><div><pre>java.lang.AssertionError: expected [false] but found [true]
	at com.CallTaxiService.cucumber.stepDefinitions.BookingFormTest.Booking_should_not_happen_due_to_invalid(BookingFormTest.java:62)
	at ✽.Booking should not happen due to invalid &quot;Email&quot;(file:///C:/Users/Admin/eclipse-workspace/CallTaxiService/./src/test/java/com/CallTaxiService/cucumber/features/bookingForm.feature:38)
... Removed 4 stack frames</pre></div><a href='#' onClick='toggleBox("stack-trace54929108", this, "Click to show all stack frames", "Click to hide stack frames")'>Click to show all stack frames</a>
<div class='stack-trace' id='stack-trace54929108'><pre>java.lang.AssertionError: expected [false] but found [true]
	at org.testng.Assert.fail(Assert.java:96)
	at org.testng.Assert.failNotEquals(Assert.java:776)
	at org.testng.Assert.assertFalse(Assert.java:65)
	at org.testng.Assert.assertFalse(Assert.java:75)
	at com.CallTaxiService.cucumber.stepDefinitions.BookingFormTest.Booking_should_not_happen_due_to_invalid(BookingFormTest.java:62)
	at ✽.Booking should not happen due to invalid &quot;Email&quot;(file:///C:/Users/Admin/eclipse-workspace/CallTaxiService/./src/test/java/com/CallTaxiService/cucumber/features/bookingForm.feature:38)
</pre></div></td>
<td>8</td>
<td>com.CallTaxiService.cucumber.runners.CucumberRunnerTests@6dbb137d</td></tr>
<tr>
<td title='com.CallTaxiService.cucumber.runners.CucumberRunnerTests.runScenario()'><b>runScenario</b><br>Test class: com.CallTaxiService.cucumber.runners.CucumberRunnerTests<br>Test method: Runs Cucumber Scenarios<br>Parameters: "Validate invalid email format", "Book a taxi functionality"</td>
<td><div><pre>java.lang.AssertionError: expected [false] but found [true]
	at com.CallTaxiService.cucumber.stepDefinitions.BookingFormTest.Booking_should_not_happen_due_to_invalid(BookingFormTest.java:62)
	at ✽.Booking should not happen due to invalid &quot;Email&quot;(file:///C:/Users/Admin/eclipse-workspace/CallTaxiService/./src/test/java/com/CallTaxiService/cucumber/features/bookingForm.feature:38)
... Removed 4 stack frames</pre></div><a href='#' onClick='toggleBox("stack-trace1201228625", this, "Click to show all stack frames", "Click to hide stack frames")'>Click to show all stack frames</a>
<div class='stack-trace' id='stack-trace1201228625'><pre>java.lang.AssertionError: expected [false] but found [true]
	at org.testng.Assert.fail(Assert.java:96)
	at org.testng.Assert.failNotEquals(Assert.java:776)
	at org.testng.Assert.assertFalse(Assert.java:65)
	at org.testng.Assert.assertFalse(Assert.java:75)
	at com.CallTaxiService.cucumber.stepDefinitions.BookingFormTest.Booking_should_not_happen_due_to_invalid(BookingFormTest.java:62)
	at ✽.Booking should not happen due to invalid &quot;Email&quot;(file:///C:/Users/Admin/eclipse-workspace/CallTaxiService/./src/test/java/com/CallTaxiService/cucumber/features/bookingForm.feature:38)
</pre></div></td>
<td>8</td>
<td>com.CallTaxiService.cucumber.runners.CucumberRunnerTests@6dbb137d</td></tr>
<tr>
<td title='com.CallTaxiService.cucumber.runners.CucumberRunnerTests.runScenario()'><b>runScenario</b><br>Test class: com.CallTaxiService.cucumber.runners.CucumberRunnerTests<br>Test method: Runs Cucumber Scenarios<br>Parameters: "Validate invalid phone number format", "Book a taxi functionality"</td>
<td><div><pre>java.lang.AssertionError: expected [false] but found [true]
	at com.CallTaxiService.cucumber.stepDefinitions.BookingFormTest.Booking_should_not_happen_due_to_invalid(BookingFormTest.java:62)
	at ✽.Booking should not happen due to invalid &quot;phoneNo&quot;(file:///C:/Users/Admin/eclipse-workspace/CallTaxiService/./src/test/java/com/CallTaxiService/cucumber/features/bookingForm.feature:54)
... Removed 4 stack frames</pre></div><a href='#' onClick='toggleBox("stack-trace659078508", this, "Click to show all stack frames", "Click to hide stack frames")'>Click to show all stack frames</a>
<div class='stack-trace' id='stack-trace659078508'><pre>java.lang.AssertionError: expected [false] but found [true]
	at org.testng.Assert.fail(Assert.java:96)
	at org.testng.Assert.failNotEquals(Assert.java:776)
	at org.testng.Assert.assertFalse(Assert.java:65)
	at org.testng.Assert.assertFalse(Assert.java:75)
	at com.CallTaxiService.cucumber.stepDefinitions.BookingFormTest.Booking_should_not_happen_due_to_invalid(BookingFormTest.java:62)
	at ✽.Booking should not happen due to invalid &quot;phoneNo&quot;(file:///C:/Users/Admin/eclipse-workspace/CallTaxiService/./src/test/java/com/CallTaxiService/cucumber/features/bookingForm.feature:54)
</pre></div></td>
<td>8</td>
<td>com.CallTaxiService.cucumber.runners.CucumberRunnerTests@6dbb137d</td></tr>
<tr>
<td title='com.CallTaxiService.cucumber.runners.CucumberRunnerTests.runScenario()'><b>runScenario</b><br>Test class: com.CallTaxiService.cucumber.runners.CucumberRunnerTests<br>Test method: Runs Cucumber Scenarios<br>Parameters: "Validate invalid phone number format", "Book a taxi functionality"</td>
<td><div><pre>java.lang.AssertionError: expected [false] but found [true]
	at com.CallTaxiService.cucumber.stepDefinitions.BookingFormTest.Booking_should_not_happen_due_to_invalid(BookingFormTest.java:62)
	at ✽.Booking should not happen due to invalid &quot;phoneNo&quot;(file:///C:/Users/Admin/eclipse-workspace/CallTaxiService/./src/test/java/com/CallTaxiService/cucumber/features/bookingForm.feature:54)
... Removed 4 stack frames</pre></div><a href='#' onClick='toggleBox("stack-trace991428767", this, "Click to show all stack frames", "Click to hide stack frames")'>Click to show all stack frames</a>
<div class='stack-trace' id='stack-trace991428767'><pre>java.lang.AssertionError: expected [false] but found [true]
	at org.testng.Assert.fail(Assert.java:96)
	at org.testng.Assert.failNotEquals(Assert.java:776)
	at org.testng.Assert.assertFalse(Assert.java:65)
	at org.testng.Assert.assertFalse(Assert.java:75)
	at com.CallTaxiService.cucumber.stepDefinitions.BookingFormTest.Booking_should_not_happen_due_to_invalid(BookingFormTest.java:62)
	at ✽.Booking should not happen due to invalid &quot;phoneNo&quot;(file:///C:/Users/Admin/eclipse-workspace/CallTaxiService/./src/test/java/com/CallTaxiService/cucumber/features/bookingForm.feature:54)
</pre></div></td>
<td>8</td>
<td>com.CallTaxiService.cucumber.runners.CucumberRunnerTests@6dbb137d</td></tr>
<tr>
<td title='com.CallTaxiService.cucumber.runners.CucumberRunnerTests.runScenario()'><b>runScenario</b><br>Test class: com.CallTaxiService.cucumber.runners.CucumberRunnerTests<br>Test method: Runs Cucumber Scenarios<br>Parameters: "Validate invalid phone number format", "Book a taxi functionality"</td>
<td><div><pre>java.lang.AssertionError: expected [false] but found [true]
	at com.CallTaxiService.cucumber.stepDefinitions.BookingFormTest.Booking_should_not_happen_due_to_invalid(BookingFormTest.java:62)
	at ✽.Booking should not happen due to invalid &quot;phoneNo&quot;(file:///C:/Users/Admin/eclipse-workspace/CallTaxiService/./src/test/java/com/CallTaxiService/cucumber/features/bookingForm.feature:54)
... Removed 4 stack frames</pre></div><a href='#' onClick='toggleBox("stack-trace1755226641", this, "Click to show all stack frames", "Click to hide stack frames")'>Click to show all stack frames</a>
<div class='stack-trace' id='stack-trace1755226641'><pre>java.lang.AssertionError: expected [false] but found [true]
	at org.testng.Assert.fail(Assert.java:96)
	at org.testng.Assert.failNotEquals(Assert.java:776)
	at org.testng.Assert.assertFalse(Assert.java:65)
	at org.testng.Assert.assertFalse(Assert.java:75)
	at com.CallTaxiService.cucumber.stepDefinitions.BookingFormTest.Booking_should_not_happen_due_to_invalid(BookingFormTest.java:62)
	at ✽.Booking should not happen due to invalid &quot;phoneNo&quot;(file:///C:/Users/Admin/eclipse-workspace/CallTaxiService/./src/test/java/com/CallTaxiService/cucumber/features/bookingForm.feature:54)
</pre></div></td>
<td>9</td>
<td>com.CallTaxiService.cucumber.runners.CucumberRunnerTests@6dbb137d</td></tr>
<tr>
<td title='com.CallTaxiService.cucumber.runners.CucumberRunnerTests.runScenario()'><b>runScenario</b><br>Test class: com.CallTaxiService.cucumber.runners.CucumberRunnerTests<br>Test method: Runs Cucumber Scenarios<br>Parameters: "Validate invalid phone number format", "Book a taxi functionality"</td>
<td><div><pre>java.lang.AssertionError: expected [false] but found [true]
	at com.CallTaxiService.cucumber.stepDefinitions.BookingFormTest.Booking_should_not_happen_due_to_invalid(BookingFormTest.java:62)
	at ✽.Booking should not happen due to invalid &quot;phoneNo&quot;(file:///C:/Users/Admin/eclipse-workspace/CallTaxiService/./src/test/java/com/CallTaxiService/cucumber/features/bookingForm.feature:54)
... Removed 4 stack frames</pre></div><a href='#' onClick='toggleBox("stack-trace611587518", this, "Click to show all stack frames", "Click to hide stack frames")'>Click to show all stack frames</a>
<div class='stack-trace' id='stack-trace611587518'><pre>java.lang.AssertionError: expected [false] but found [true]
	at org.testng.Assert.fail(Assert.java:96)
	at org.testng.Assert.failNotEquals(Assert.java:776)
	at org.testng.Assert.assertFalse(Assert.java:65)
	at org.testng.Assert.assertFalse(Assert.java:75)
	at com.CallTaxiService.cucumber.stepDefinitions.BookingFormTest.Booking_should_not_happen_due_to_invalid(BookingFormTest.java:62)
	at ✽.Booking should not happen due to invalid &quot;phoneNo&quot;(file:///C:/Users/Admin/eclipse-workspace/CallTaxiService/./src/test/java/com/CallTaxiService/cucumber/features/bookingForm.feature:54)
</pre></div></td>
<td>8</td>
<td>com.CallTaxiService.cucumber.runners.CucumberRunnerTests@6dbb137d</td></tr>
<tr>
<td title='com.CallTaxiService.cucumber.runners.CucumberRunnerTests.runScenario()'><b>runScenario</b><br>Test class: com.CallTaxiService.cucumber.runners.CucumberRunnerTests<br>Test method: Runs Cucumber Scenarios<br>Parameters: "Validate invalid date entry", "Book a taxi functionality"</td>
<td><div><pre>java.lang.AssertionError: expected [false] but found [true]
	at com.CallTaxiService.cucumber.stepDefinitions.BookingFormTest.Booking_should_not_happen_due_to_invalid(BookingFormTest.java:62)
	at ✽.Booking should not happen due to invalid &quot;Date&quot;(file:///C:/Users/Admin/eclipse-workspace/CallTaxiService/./src/test/java/com/CallTaxiService/cucumber/features/bookingForm.feature:87)
... Removed 4 stack frames</pre></div><a href='#' onClick='toggleBox("stack-trace1491862772", this, "Click to show all stack frames", "Click to hide stack frames")'>Click to show all stack frames</a>
<div class='stack-trace' id='stack-trace1491862772'><pre>java.lang.AssertionError: expected [false] but found [true]
	at org.testng.Assert.fail(Assert.java:96)
	at org.testng.Assert.failNotEquals(Assert.java:776)
	at org.testng.Assert.assertFalse(Assert.java:65)
	at org.testng.Assert.assertFalse(Assert.java:75)
	at com.CallTaxiService.cucumber.stepDefinitions.BookingFormTest.Booking_should_not_happen_due_to_invalid(BookingFormTest.java:62)
	at ✽.Booking should not happen due to invalid &quot;Date&quot;(file:///C:/Users/Admin/eclipse-workspace/CallTaxiService/./src/test/java/com/CallTaxiService/cucumber/features/bookingForm.feature:87)
</pre></div></td>
<td>8</td>
<td>com.CallTaxiService.cucumber.runners.CucumberRunnerTests@6dbb137d</td></tr>
<tr>
<td title='com.CallTaxiService.cucumber.runners.CucumberRunnerTests.runScenario()'><b>runScenario</b><br>Test class: com.CallTaxiService.cucumber.runners.CucumberRunnerTests<br>Test method: Runs Cucumber Scenarios<br>Parameters: "Validate invalid date entry", "Book a taxi functionality"</td>
<td><div><pre>java.lang.AssertionError: expected [false] but found [true]
	at com.CallTaxiService.cucumber.stepDefinitions.BookingFormTest.Booking_should_not_happen_due_to_invalid(BookingFormTest.java:62)
	at ✽.Booking should not happen due to invalid &quot;Date&quot;(file:///C:/Users/Admin/eclipse-workspace/CallTaxiService/./src/test/java/com/CallTaxiService/cucumber/features/bookingForm.feature:87)
... Removed 4 stack frames</pre></div><a href='#' onClick='toggleBox("stack-trace2117653154", this, "Click to show all stack frames", "Click to hide stack frames")'>Click to show all stack frames</a>
<div class='stack-trace' id='stack-trace2117653154'><pre>java.lang.AssertionError: expected [false] but found [true]
	at org.testng.Assert.fail(Assert.java:96)
	at org.testng.Assert.failNotEquals(Assert.java:776)
	at org.testng.Assert.assertFalse(Assert.java:65)
	at org.testng.Assert.assertFalse(Assert.java:75)
	at com.CallTaxiService.cucumber.stepDefinitions.BookingFormTest.Booking_should_not_happen_due_to_invalid(BookingFormTest.java:62)
	at ✽.Booking should not happen due to invalid &quot;Date&quot;(file:///C:/Users/Admin/eclipse-workspace/CallTaxiService/./src/test/java/com/CallTaxiService/cucumber/features/bookingForm.feature:87)
</pre></div></td>
<td>8</td>
<td>com.CallTaxiService.cucumber.runners.CucumberRunnerTests@6dbb137d</td></tr>
</table><p>
<table width='100%' border='1' class='invocation-passed'>
<tr><td colspan='4' align='center'><b>PASSED TESTS</b></td></tr>
<tr><td><b>Test method</b></td>
<td width="30%"><b>Exception</b></td>
<td width="10%"><b>Time (seconds)</b></td>
<td><b>Instance</b></td>
</tr>
<tr>
<td title='com.CallTaxiService.cucumber.runners.CucumberRunnerTests.runScenario()'><b>runScenario</b><br>Test class: com.CallTaxiService.cucumber.runners.CucumberRunnerTests<br>Test method: Runs Cucumber Scenarios<br>Parameters: "Validate the cab type links", "Service Cab Type links functionality"</td>
<td></td>
<td>10</td>
<td>com.CallTaxiService.cucumber.runners.CucumberRunnerTests@6dbb137d</td></tr>
<tr>
<td title='com.CallTaxiService.cucumber.runners.CucumberRunnerTests.runScenario()'><b>runScenario</b><br>Test class: com.CallTaxiService.cucumber.runners.CucumberRunnerTests<br>Test method: Runs Cucumber Scenarios<br>Parameters: "Validate the cab type links", "Service Cab Type links functionality"</td>
<td></td>
<td>7</td>
<td>com.CallTaxiService.cucumber.runners.CucumberRunnerTests@6dbb137d</td></tr>
<tr>
<td title='com.CallTaxiService.cucumber.runners.CucumberRunnerTests.runScenario()'><b>runScenario</b><br>Test class: com.CallTaxiService.cucumber.runners.CucumberRunnerTests<br>Test method: Runs Cucumber Scenarios<br>Parameters: "Validate the cab type links", "Service Cab Type links functionality"</td>
<td></td>
<td>7</td>
<td>com.CallTaxiService.cucumber.runners.CucumberRunnerTests@6dbb137d</td></tr>
<tr>
<td title='com.CallTaxiService.cucumber.runners.CucumberRunnerTests.runScenario()'><b>runScenario</b><br>Test class: com.CallTaxiService.cucumber.runners.CucumberRunnerTests<br>Test method: Runs Cucumber Scenarios<br>Parameters: "Validate the cab type links", "Service Cab Type links functionality"</td>
<td></td>
<td>7</td>
<td>com.CallTaxiService.cucumber.runners.CucumberRunnerTests@6dbb137d</td></tr>
<tr>
<td title='com.CallTaxiService.cucumber.runners.CucumberRunnerTests.runScenario()'><b>runScenario</b><br>Test class: com.CallTaxiService.cucumber.runners.CucumberRunnerTests<br>Test method: Runs Cucumber Scenarios<br>Parameters: "Enter valid details in booking form and validate the details displayed", "Book a taxi functionality"</td>
<td></td>
<td>10</td>
<td>com.CallTaxiService.cucumber.runners.CucumberRunnerTests@6dbb137d</td></tr>
<tr>
<td title='com.CallTaxiService.cucumber.runners.CucumberRunnerTests.runScenario()'><b>runScenario</b><br>Test class: com.CallTaxiService.cucumber.runners.CucumberRunnerTests<br>Test method: Runs Cucumber Scenarios<br>Parameters: "Validate invalid characters in Name field", "Book a taxi functionality"</td>
<td></td>
<td>8</td>
<td>com.CallTaxiService.cucumber.runners.CucumberRunnerTests@6dbb137d</td></tr>
<tr>
<td title='com.CallTaxiService.cucumber.runners.CucumberRunnerTests.runScenario()'><b>runScenario</b><br>Test class: com.CallTaxiService.cucumber.runners.CucumberRunnerTests<br>Test method: Runs Cucumber Scenarios<br>Parameters: "Validate invalid email format", "Book a taxi functionality"</td>
<td></td>
<td>7</td>
<td>com.CallTaxiService.cucumber.runners.CucumberRunnerTests@6dbb137d</td></tr>
<tr>
<td title='com.CallTaxiService.cucumber.runners.CucumberRunnerTests.runScenario()'><b>runScenario</b><br>Test class: com.CallTaxiService.cucumber.runners.CucumberRunnerTests<br>Test method: Runs Cucumber Scenarios<br>Parameters: "Validate invalid phone number format", "Book a taxi functionality"</td>
<td></td>
<td>7</td>
<td>com.CallTaxiService.cucumber.runners.CucumberRunnerTests@6dbb137d</td></tr>
<tr>
<td title='com.CallTaxiService.cucumber.runners.CucumberRunnerTests.runScenario()'><b>runScenario</b><br>Test class: com.CallTaxiService.cucumber.runners.CucumberRunnerTests<br>Test method: Runs Cucumber Scenarios<br>Parameters: "Validate unselected select trip field (Long trip, Local trip)", "Book a taxi functionality"</td>
<td></td>
<td>8</td>
<td>com.CallTaxiService.cucumber.runners.CucumberRunnerTests@6dbb137d</td></tr>
<tr>
<td title='com.CallTaxiService.cucumber.runners.CucumberRunnerTests.runScenario()'><b>runScenario</b><br>Test class: com.CallTaxiService.cucumber.runners.CucumberRunnerTests<br>Test method: Runs Cucumber Scenarios<br>Parameters: "Validate unselected Cab type dropdown field (Mini,Micro,Sedan,SUV)", "Book a taxi functionality"</td>
<td></td>
<td>7</td>
<td>com.CallTaxiService.cucumber.runners.CucumberRunnerTests@6dbb137d</td></tr>
</table><p>
</body>
</html>