<?xml version="1.0" encoding="UTF-8"?>
<!-- Generated by org.testng.reporters.JUnitXMLReporter -->
<testsuite ignored="0" hostname="DESKTOP-840VI3P" failures="14" tests="24" name="Test" time="206.531" errors="0" timestamp="03 Aug 2025 07:17:28 GMT">
  <testcase classname="io.cucumber.testng.AbstractTestNGCucumberTests" name="runScenario" time="10.769"/>
  <testcase classname="io.cucumber.testng.AbstractTestNGCucumberTests" name="runScenario" time="7.622"/>
  <testcase classname="io.cucumber.testng.AbstractTestNGCucumberTests" name="runScenario" time="7.233"/>
  <testcase classname="io.cucumber.testng.AbstractTestNGCucumberTests" name="runScenario" time="7.473"/>
  <testcase classname="io.cucumber.testng.AbstractTestNGCucumberTests" name="runScenario" time="10.284"/>
  <testcase classname="io.cucumber.testng.AbstractTestNGCucumberTests" name="runScenario" time="8.656">
    <failure type="java.lang.AssertionError" message="expected [false] but found [true]">
      <![CDATA[java.lang.AssertionError: expected [false] but found [true]
at com.CallTaxiService.cucumber.stepDefinitions.BookingFormTest.Booking_should_not_happen_due_to_invalid(BookingFormTest.java:62)
at ✽.Booking should not happen due to invalid "Name"(file:///C:/Users/Admin/eclipse-workspace/CallTaxiService/./src/test/java/com/CallTaxiService/cucumber/features/bookingForm.feature:22)
... Removed 4 stack frames]]>
    </failure>
  </testcase> <!-- runScenario -->
  <testcase classname="io.cucumber.testng.AbstractTestNGCucumberTests" name="runScenario" time="8.718">
    <failure type="java.lang.AssertionError" message="expected [false] but found [true]">
      <![CDATA[java.lang.AssertionError: expected [false] but found [true]
at com.CallTaxiService.cucumber.stepDefinitions.BookingFormTest.Booking_should_not_happen_due_to_invalid(BookingFormTest.java:62)
at ✽.Booking should not happen due to invalid "Name"(file:///C:/Users/Admin/eclipse-workspace/CallTaxiService/./src/test/java/com/CallTaxiService/cucumber/features/bookingForm.feature:22)
... Removed 4 stack frames]]>
    </failure>
  </testcase> <!-- runScenario -->
  <testcase classname="io.cucumber.testng.AbstractTestNGCucumberTests" name="runScenario" time="8.884">
    <failure type="java.lang.AssertionError" message="expected [false] but found [true]">
      <![CDATA[java.lang.AssertionError: expected [false] but found [true]
at com.CallTaxiService.cucumber.stepDefinitions.BookingFormTest.Booking_should_not_happen_due_to_invalid(BookingFormTest.java:62)
at ✽.Booking should not happen due to invalid "Name"(file:///C:/Users/Admin/eclipse-workspace/CallTaxiService/./src/test/java/com/CallTaxiService/cucumber/features/bookingForm.feature:22)
... Removed 4 stack frames]]>
    </failure>
  </testcase> <!-- runScenario -->
  <testcase classname="io.cucumber.testng.AbstractTestNGCucumberTests" name="runScenario" time="7.992">
    <failure type="java.lang.AssertionError" message="expected [false] but found [true]">
      <![CDATA[java.lang.AssertionError: expected [false] but found [true]
at com.CallTaxiService.cucumber.stepDefinitions.BookingFormTest.Booking_should_not_happen_due_to_invalid(BookingFormTest.java:62)
at ✽.Booking should not happen due to invalid "Name"(file:///C:/Users/Admin/eclipse-workspace/CallTaxiService/./src/test/java/com/CallTaxiService/cucumber/features/bookingForm.feature:22)
... Removed 4 stack frames]]>
    </failure>
  </testcase> <!-- runScenario -->
  <testcase classname="io.cucumber.testng.AbstractTestNGCucumberTests" name="runScenario" time="8.32"/>
  <testcase classname="io.cucumber.testng.AbstractTestNGCucumberTests" name="runScenario" time="8.354">
    <failure type="java.lang.AssertionError" message="expected [false] but found [true]">
      <![CDATA[java.lang.AssertionError: expected [false] but found [true]
at com.CallTaxiService.cucumber.stepDefinitions.BookingFormTest.Booking_should_not_happen_due_to_invalid(BookingFormTest.java:62)
at ✽.Booking should not happen due to invalid "Email"(file:///C:/Users/Admin/eclipse-workspace/CallTaxiService/./src/test/java/com/CallTaxiService/cucumber/features/bookingForm.feature:38)
... Removed 4 stack frames]]>
    </failure>
  </testcase> <!-- runScenario -->
  <testcase classname="io.cucumber.testng.AbstractTestNGCucumberTests" name="runScenario" time="9.627">
    <failure type="java.lang.AssertionError" message="expected [false] but found [true]">
      <![CDATA[java.lang.AssertionError: expected [false] but found [true]
at com.CallTaxiService.cucumber.stepDefinitions.BookingFormTest.Booking_should_not_happen_due_to_invalid(BookingFormTest.java:62)
at ✽.Booking should not happen due to invalid "Email"(file:///C:/Users/Admin/eclipse-workspace/CallTaxiService/./src/test/java/com/CallTaxiService/cucumber/features/bookingForm.feature:38)
... Removed 4 stack frames]]>
    </failure>
  </testcase> <!-- runScenario -->
  <testcase classname="io.cucumber.testng.AbstractTestNGCucumberTests" name="runScenario" time="8.212">
    <failure type="java.lang.AssertionError" message="expected [false] but found [true]">
      <![CDATA[java.lang.AssertionError: expected [false] but found [true]
at com.CallTaxiService.cucumber.stepDefinitions.BookingFormTest.Booking_should_not_happen_due_to_invalid(BookingFormTest.java:62)
at ✽.Booking should not happen due to invalid "Email"(file:///C:/Users/Admin/eclipse-workspace/CallTaxiService/./src/test/java/com/CallTaxiService/cucumber/features/bookingForm.feature:38)
... Removed 4 stack frames]]>
    </failure>
  </testcase> <!-- runScenario -->
  <testcase classname="io.cucumber.testng.AbstractTestNGCucumberTests" name="runScenario" time="8.632">
    <failure type="java.lang.AssertionError" message="expected [false] but found [true]">
      <![CDATA[java.lang.AssertionError: expected [false] but found [true]
at com.CallTaxiService.cucumber.stepDefinitions.BookingFormTest.Booking_should_not_happen_due_to_invalid(BookingFormTest.java:62)
at ✽.Booking should not happen due to invalid "Email"(file:///C:/Users/Admin/eclipse-workspace/CallTaxiService/./src/test/java/com/CallTaxiService/cucumber/features/bookingForm.feature:38)
... Removed 4 stack frames]]>
    </failure>
  </testcase> <!-- runScenario -->
  <testcase classname="io.cucumber.testng.AbstractTestNGCucumberTests" name="runScenario" time="7.947"/>
  <testcase classname="io.cucumber.testng.AbstractTestNGCucumberTests" name="runScenario" time="8.406">
    <failure type="java.lang.AssertionError" message="expected [false] but found [true]">
      <![CDATA[java.lang.AssertionError: expected [false] but found [true]
at com.CallTaxiService.cucumber.stepDefinitions.BookingFormTest.Booking_should_not_happen_due_to_invalid(BookingFormTest.java:62)
at ✽.Booking should not happen due to invalid "phoneNo"(file:///C:/Users/Admin/eclipse-workspace/CallTaxiService/./src/test/java/com/CallTaxiService/cucumber/features/bookingForm.feature:54)
... Removed 4 stack frames]]>
    </failure>
  </testcase> <!-- runScenario -->
  <testcase classname="io.cucumber.testng.AbstractTestNGCucumberTests" name="runScenario" time="8.034">
    <failure type="java.lang.AssertionError" message="expected [false] but found [true]">
      <![CDATA[java.lang.AssertionError: expected [false] but found [true]
at com.CallTaxiService.cucumber.stepDefinitions.BookingFormTest.Booking_should_not_happen_due_to_invalid(BookingFormTest.java:62)
at ✽.Booking should not happen due to invalid "phoneNo"(file:///C:/Users/Admin/eclipse-workspace/CallTaxiService/./src/test/java/com/CallTaxiService/cucumber/features/bookingForm.feature:54)
... Removed 4 stack frames]]>
    </failure>
  </testcase> <!-- runScenario -->
  <testcase classname="io.cucumber.testng.AbstractTestNGCucumberTests" name="runScenario" time="9.077">
    <failure type="java.lang.AssertionError" message="expected [false] but found [true]">
      <![CDATA[java.lang.AssertionError: expected [false] but found [true]
at com.CallTaxiService.cucumber.stepDefinitions.BookingFormTest.Booking_should_not_happen_due_to_invalid(BookingFormTest.java:62)
at ✽.Booking should not happen due to invalid "phoneNo"(file:///C:/Users/Admin/eclipse-workspace/CallTaxiService/./src/test/java/com/CallTaxiService/cucumber/features/bookingForm.feature:54)
... Removed 4 stack frames]]>
    </failure>
  </testcase> <!-- runScenario -->
  <testcase classname="io.cucumber.testng.AbstractTestNGCucumberTests" name="runScenario" time="8.488">
    <failure type="java.lang.AssertionError" message="expected [false] but found [true]">
      <![CDATA[java.lang.AssertionError: expected [false] but found [true]
at com.CallTaxiService.cucumber.stepDefinitions.BookingFormTest.Booking_should_not_happen_due_to_invalid(BookingFormTest.java:62)
at ✽.Booking should not happen due to invalid "phoneNo"(file:///C:/Users/Admin/eclipse-workspace/CallTaxiService/./src/test/java/com/CallTaxiService/cucumber/features/bookingForm.feature:54)
... Removed 4 stack frames]]>
    </failure>
  </testcase> <!-- runScenario -->
  <testcase classname="io.cucumber.testng.AbstractTestNGCucumberTests" name="runScenario" time="7.826"/>
  <testcase classname="io.cucumber.testng.AbstractTestNGCucumberTests" name="runScenario" time="8.041"/>
  <testcase classname="io.cucumber.testng.AbstractTestNGCucumberTests" name="runScenario" time="7.69"/>
  <testcase classname="io.cucumber.testng.AbstractTestNGCucumberTests" name="runScenario" time="8.336">
    <failure type="java.lang.AssertionError" message="expected [false] but found [true]">
      <![CDATA[java.lang.AssertionError: expected [false] but found [true]
at com.CallTaxiService.cucumber.stepDefinitions.BookingFormTest.Booking_should_not_happen_due_to_invalid(BookingFormTest.java:62)
at ✽.Booking should not happen due to invalid "Date"(file:///C:/Users/Admin/eclipse-workspace/CallTaxiService/./src/test/java/com/CallTaxiService/cucumber/features/bookingForm.feature:87)
... Removed 4 stack frames]]>
    </failure>
  </testcase> <!-- runScenario -->
  <testcase classname="io.cucumber.testng.AbstractTestNGCucumberTests" name="runScenario" time="8.752">
    <failure type="java.lang.AssertionError" message="expected [false] but found [true]">
      <![CDATA[java.lang.AssertionError: expected [false] but found [true]
at com.CallTaxiService.cucumber.stepDefinitions.BookingFormTest.Booking_should_not_happen_due_to_invalid(BookingFormTest.java:62)
at ✽.Booking should not happen due to invalid "Date"(file:///C:/Users/Admin/eclipse-workspace/CallTaxiService/./src/test/java/com/CallTaxiService/cucumber/features/bookingForm.feature:87)
... Removed 4 stack frames]]>
    </failure>
  </testcase> <!-- runScenario -->
</testsuite> <!-- Test -->
