<?xml version="1.0" encoding="UTF-8"?>
<testng-results ignored="18" total="25" passed="4" failed="3" skipped="0">
  <reporter-output>
  </reporter-output>
  <suite started-at="2025-08-13T05:32:45Z" name="Suite" finished-at="2025-08-13T05:32:51Z" duration-ms="6160">
    <groups>
    </groups>
    <test started-at="2025-08-13T05:32:45Z" name="Test" finished-at="2025-08-13T05:32:51Z" duration-ms="6160">
      <class name="com.Hotel.API.tests.View_user_by_gender">
        <test-method is-config="true" signature="startTest(java.lang.reflect.Method)[pri:0, instance:com.Hotel.API.tests.View_user_by_gender@647e447]" started-at="2025-08-13T05:32:50Z" name="startTest" finished-at="2025-08-13T05:32:50Z" duration-ms="0" status="PASS">
          <params>
            <param index="0">
              <value>
                <![CDATA[public void com.Hotel.API.tests.View_user_by_gender.viewUserByGender_Positive()]]>
              </value>
            </param>
          </params>
          <reporter-output>
          </reporter-output>
        </test-method> <!-- startTest -->
        <test-method signature="viewUserByGender_Positive()[pri:0, instance:com.Hotel.API.tests.View_user_by_gender@647e447]" started-at="2025-08-13T05:32:50Z" name="viewUserByGender_Positive" finished-at="2025-08-13T05:32:50Z" duration-ms="168" status="PASS">
          <reporter-output>
          </reporter-output>
        </test-method> <!-- viewUserByGender_Positive -->
        <test-method is-config="true" signature="tearDown(org.testng.ITestResult)[pri:0, instance:com.Hotel.API.tests.View_user_by_gender@647e447]" started-at="2025-08-13T05:32:50Z" name="tearDown" finished-at="2025-08-13T05:32:50Z" duration-ms="0" status="PASS">
          <params>
            <param index="0">
              <value>
                <![CDATA[[TestResult name=viewUserByGender_Positive status=SUCCESS method=View_user_by_gender.viewUserByGender_Positive()[pri:0, instance:com.Hotel.API.tests.View_user_by_gender@647e447] output={null}]]]>
              </value>
            </param>
          </params>
          <reporter-output>
          </reporter-output>
        </test-method> <!-- tearDown -->
      </class> <!-- com.Hotel.API.tests.View_user_by_gender -->
      <class name="com.Hotel.API.tests.View_user_by_id_NEGATIVE">
        <test-method is-config="true" signature="startTest(java.lang.reflect.Method)[pri:0, instance:com.Hotel.API.tests.View_user_by_id_NEGATIVE@3c407114]" started-at="2025-08-13T05:32:50Z" name="startTest" finished-at="2025-08-13T05:32:50Z" duration-ms="0" status="PASS">
          <params>
            <param index="0">
              <value>
                <![CDATA[public void com.Hotel.API.tests.View_user_by_id_NEGATIVE.viewUserById_Negative()]]>
              </value>
            </param>
          </params>
          <reporter-output>
          </reporter-output>
        </test-method> <!-- startTest -->
        <test-method signature="viewUserById_Negative()[pri:0, instance:com.Hotel.API.tests.View_user_by_id_NEGATIVE@3c407114]" started-at="2025-08-13T05:32:50Z" name="viewUserById_Negative" finished-at="2025-08-13T05:32:50Z" duration-ms="139" status="FAIL">
          <exception class="java.lang.AssertionError">
            <message>
              <![CDATA[The following asserts failed:
Response is not valid JSON]]>
            </message>
            <full-stacktrace>
              <![CDATA[java.lang.AssertionError: The following asserts failed:
Response is not valid JSON
at org.testng.asserts.SoftAssert.assertAll(SoftAssert.java:43)
at com.Hotel.API.tests.View_user_by_id_NEGATIVE.viewUserById_Negative(View_user_by_id_NEGATIVE.java:34)
at java.base/jdk.internal.reflect.DirectMethodHandleAccessor.invoke(DirectMethodHandleAccessor.java:103)
at java.base/java.lang.reflect.Method.invoke(Method.java:580)
at org.testng.internal.MethodInvocationHelper.invokeMethod(MethodInvocationHelper.java:124)
at org.testng.internal.Invoker.invokeMethod(Invoker.java:583)
at org.testng.internal.Invoker.invokeTestMethod(Invoker.java:719)
at org.testng.internal.Invoker.invokeTestMethods(Invoker.java:989)
at org.testng.internal.TestMethodWorker.invokeTestMethods(TestMethodWorker.java:125)
at org.testng.internal.TestMethodWorker.run(TestMethodWorker.java:109)
at org.testng.TestRunner.privateRun(TestRunner.java:648)
at org.testng.TestRunner.run(TestRunner.java:505)
at org.testng.SuiteRunner.runTest(SuiteRunner.java:455)
at org.testng.SuiteRunner.runSequentially(SuiteRunner.java:450)
at org.testng.SuiteRunner.privateRun(SuiteRunner.java:415)
at org.testng.SuiteRunner.run(SuiteRunner.java:364)
at org.testng.SuiteRunnerWorker.runSuite(SuiteRunnerWorker.java:52)
at org.testng.SuiteRunnerWorker.run(SuiteRunnerWorker.java:84)
at org.testng.TestNG.runSuitesSequentially(TestNG.java:1208)
at org.testng.TestNG.runSuitesLocally(TestNG.java:1137)
at org.testng.TestNG.runSuites(TestNG.java:1049)
at org.testng.TestNG.run(TestNG.java:1017)
at org.testng.remote.AbstractRemoteTestNG.run(AbstractRemoteTestNG.java:115)
at org.testng.remote.RemoteTestNG.initAndRun(RemoteTestNG.java:293)
at org.testng.remote.RemoteTestNG.main(RemoteTestNG.java:91)
]]>
            </full-stacktrace>
          </exception> <!-- java.lang.AssertionError -->
          <reporter-output>
          </reporter-output>
        </test-method> <!-- viewUserById_Negative -->
        <test-method is-config="true" signature="tearDown(org.testng.ITestResult)[pri:0, instance:com.Hotel.API.tests.View_user_by_id_NEGATIVE@3c407114]" started-at="2025-08-13T05:32:50Z" name="tearDown" finished-at="2025-08-13T05:32:50Z" duration-ms="0" status="FAIL">
          <params>
            <param index="0">
              <value>
                <![CDATA[[TestResult name=viewUserById_Negative status=FAILURE method=View_user_by_id_NEGATIVE.viewUserById_Negative()[pri:0, instance:com.Hotel.API.tests.View_user_by_id_NEGATIVE@3c407114] output={null}]]]>
              </value>
            </param>
          </params>
          <exception class="java.lang.AssertionError">
            <message>
              <![CDATA[The following asserts failed:
Status code should be 404 expected [404] but found [204],
Content-Type should be application/json expected [true] but found [false],
Response body should not be empty expected [false] but found [true]]]>
            </message>
            <full-stacktrace>
              <![CDATA[java.lang.AssertionError: The following asserts failed:
Status code should be 404 expected [404] but found [204],
Content-Type should be application/json expected [true] but found [false],
Response body should not be empty expected [false] but found [true]
at org.testng.asserts.SoftAssert.assertAll(SoftAssert.java:43)
at com.Hotel.API.base.Base.tearDown(Base.java:57)
at java.base/jdk.internal.reflect.DirectMethodHandleAccessor.invoke(DirectMethodHandleAccessor.java:103)
at java.base/java.lang.reflect.Method.invoke(Method.java:580)
at org.testng.internal.MethodInvocationHelper.invokeMethod(MethodInvocationHelper.java:124)
at org.testng.internal.MethodInvocationHelper.invokeMethodConsideringTimeout(MethodInvocationHelper.java:59)
at org.testng.internal.Invoker.invokeConfigurationMethod(Invoker.java:458)
at org.testng.internal.Invoker.invokeConfigurations(Invoker.java:222)
at org.testng.internal.Invoker.invokeMethod(Invoker.java:646)
at org.testng.internal.Invoker.invokeTestMethod(Invoker.java:719)
at org.testng.internal.Invoker.invokeTestMethods(Invoker.java:989)
at org.testng.internal.TestMethodWorker.invokeTestMethods(TestMethodWorker.java:125)
at org.testng.internal.TestMethodWorker.run(TestMethodWorker.java:109)
at org.testng.TestRunner.privateRun(TestRunner.java:648)
at org.testng.TestRunner.run(TestRunner.java:505)
at org.testng.SuiteRunner.runTest(SuiteRunner.java:455)
at org.testng.SuiteRunner.runSequentially(SuiteRunner.java:450)
at org.testng.SuiteRunner.privateRun(SuiteRunner.java:415)
at org.testng.SuiteRunner.run(SuiteRunner.java:364)
at org.testng.SuiteRunnerWorker.runSuite(SuiteRunnerWorker.java:52)
at org.testng.SuiteRunnerWorker.run(SuiteRunnerWorker.java:84)
at org.testng.TestNG.runSuitesSequentially(TestNG.java:1208)
at org.testng.TestNG.runSuitesLocally(TestNG.java:1137)
at org.testng.TestNG.runSuites(TestNG.java:1049)
at org.testng.TestNG.run(TestNG.java:1017)
at org.testng.remote.AbstractRemoteTestNG.run(AbstractRemoteTestNG.java:115)
at org.testng.remote.RemoteTestNG.initAndRun(RemoteTestNG.java:293)
at org.testng.remote.RemoteTestNG.main(RemoteTestNG.java:91)
]]>
            </full-stacktrace>
          </exception> <!-- java.lang.AssertionError -->
          <reporter-output>
          </reporter-output>
        </test-method> <!-- tearDown -->
      </class> <!-- com.Hotel.API.tests.View_user_by_id_NEGATIVE -->
      <class name="com.Hotel.API.tests.View_user_by_gender_NEGATIVE">
        <test-method signature="viewUserByGender_Negative()[pri:0, instance:com.Hotel.API.tests.View_user_by_gender_NEGATIVE@41fbdac4]" started-at="2025-08-13T05:32:50Z" name="viewUserByGender_Negative" finished-at="2025-08-13T05:32:50Z" duration-ms="222" status="FAIL">
          <exception class="java.lang.AssertionError">
            <message>
              <![CDATA[The following asserts failed:
Gender list should not be empty expected [true] but found [false]]]>
            </message>
            <full-stacktrace>
              <![CDATA[java.lang.AssertionError: The following asserts failed:
Gender list should not be empty expected [true] but found [false]
at org.testng.asserts.SoftAssert.assertAll(SoftAssert.java:43)
at com.Hotel.API.tests.View_user_by_gender_NEGATIVE.viewUserByGender_Negative(View_user_by_gender_NEGATIVE.java:37)
at java.base/jdk.internal.reflect.DirectMethodHandleAccessor.invoke(DirectMethodHandleAccessor.java:103)
at java.base/java.lang.reflect.Method.invoke(Method.java:580)
at org.testng.internal.MethodInvocationHelper.invokeMethod(MethodInvocationHelper.java:124)
at org.testng.internal.Invoker.invokeMethod(Invoker.java:583)
at org.testng.internal.Invoker.invokeTestMethod(Invoker.java:719)
at org.testng.internal.Invoker.invokeTestMethods(Invoker.java:989)
at org.testng.internal.TestMethodWorker.invokeTestMethods(TestMethodWorker.java:125)
at org.testng.internal.TestMethodWorker.run(TestMethodWorker.java:109)
at org.testng.TestRunner.privateRun(TestRunner.java:648)
at org.testng.TestRunner.run(TestRunner.java:505)
at org.testng.SuiteRunner.runTest(SuiteRunner.java:455)
at org.testng.SuiteRunner.runSequentially(SuiteRunner.java:450)
at org.testng.SuiteRunner.privateRun(SuiteRunner.java:415)
at org.testng.SuiteRunner.run(SuiteRunner.java:364)
at org.testng.SuiteRunnerWorker.runSuite(SuiteRunnerWorker.java:52)
at org.testng.SuiteRunnerWorker.run(SuiteRunnerWorker.java:84)
at org.testng.TestNG.runSuitesSequentially(TestNG.java:1208)
at org.testng.TestNG.runSuitesLocally(TestNG.java:1137)
at org.testng.TestNG.runSuites(TestNG.java:1049)
at org.testng.TestNG.run(TestNG.java:1017)
at org.testng.remote.AbstractRemoteTestNG.run(AbstractRemoteTestNG.java:115)
at org.testng.remote.RemoteTestNG.initAndRun(RemoteTestNG.java:293)
at org.testng.remote.RemoteTestNG.main(RemoteTestNG.java:91)
]]>
            </full-stacktrace>
          </exception> <!-- java.lang.AssertionError -->
          <reporter-output>
          </reporter-output>
        </test-method> <!-- viewUserByGender_Negative -->
        <test-method is-config="true" signature="startTest(java.lang.reflect.Method)[pri:0, instance:com.Hotel.API.tests.View_user_by_gender_NEGATIVE@41fbdac4]" started-at="2025-08-13T05:32:50Z" name="startTest" finished-at="2025-08-13T05:32:50Z" duration-ms="0" status="PASS">
          <params>
            <param index="0">
              <value>
                <![CDATA[public void com.Hotel.API.tests.View_user_by_gender_NEGATIVE.viewUserByGender_Negative()]]>
              </value>
            </param>
          </params>
          <reporter-output>
          </reporter-output>
        </test-method> <!-- startTest -->
        <test-method is-config="true" signature="tearDown(org.testng.ITestResult)[pri:0, instance:com.Hotel.API.tests.View_user_by_gender_NEGATIVE@41fbdac4]" started-at="2025-08-13T05:32:50Z" name="tearDown" finished-at="2025-08-13T05:32:50Z" duration-ms="1" status="PASS">
          <params>
            <param index="0">
              <value>
                <![CDATA[[TestResult name=viewUserByGender_Negative status=FAILURE method=View_user_by_gender_NEGATIVE.viewUserByGender_Negative()[pri:0, instance:com.Hotel.API.tests.View_user_by_gender_NEGATIVE@41fbdac4] output={null}]]]>
              </value>
            </param>
          </params>
          <reporter-output>
          </reporter-output>
        </test-method> <!-- tearDown -->
      </class> <!-- com.Hotel.API.tests.View_user_by_gender_NEGATIVE -->
      <class name="com.Hotel.API.tests.Update_usernumber_NEGATIVE">
        <test-method is-config="true" signature="startTest(java.lang.reflect.Method)[pri:0, instance:com.Hotel.API.tests.Update_usernumber_NEGATIVE@35ef1869]" started-at="2025-08-13T05:32:50Z" name="startTest" finished-at="2025-08-13T05:32:50Z" duration-ms="1" status="PASS">
          <params>
            <param index="0">
              <value>
                <![CDATA[public void com.Hotel.API.tests.Update_usernumber_NEGATIVE.updateUserNumber_Negative()]]>
              </value>
            </param>
          </params>
          <reporter-output>
          </reporter-output>
        </test-method> <!-- startTest -->
        <test-method signature="updateUserNumber_Negative()[pri:0, instance:com.Hotel.API.tests.Update_usernumber_NEGATIVE@35ef1869]" started-at="2025-08-13T05:32:50Z" name="updateUserNumber_Negative" finished-at="2025-08-13T05:32:51Z" duration-ms="278" status="FAIL">
          <exception class="java.lang.AssertionError">
            <message>
              <![CDATA[The following asserts failed:
User ID 10 should exist expected object to not be null]]>
            </message>
            <full-stacktrace>
              <![CDATA[java.lang.AssertionError: The following asserts failed:
User ID 10 should exist expected object to not be null
at org.testng.asserts.SoftAssert.assertAll(SoftAssert.java:43)
at com.Hotel.API.tests.Update_usernumber_NEGATIVE.updateUserNumber_Negative(Update_usernumber_NEGATIVE.java:45)
at java.base/jdk.internal.reflect.DirectMethodHandleAccessor.invoke(DirectMethodHandleAccessor.java:103)
at java.base/java.lang.reflect.Method.invoke(Method.java:580)
at org.testng.internal.MethodInvocationHelper.invokeMethod(MethodInvocationHelper.java:124)
at org.testng.internal.Invoker.invokeMethod(Invoker.java:583)
at org.testng.internal.Invoker.invokeTestMethod(Invoker.java:719)
at org.testng.internal.Invoker.invokeTestMethods(Invoker.java:989)
at org.testng.internal.TestMethodWorker.invokeTestMethods(TestMethodWorker.java:125)
at org.testng.internal.TestMethodWorker.run(TestMethodWorker.java:109)
at org.testng.TestRunner.privateRun(TestRunner.java:648)
at org.testng.TestRunner.run(TestRunner.java:505)
at org.testng.SuiteRunner.runTest(SuiteRunner.java:455)
at org.testng.SuiteRunner.runSequentially(SuiteRunner.java:450)
at org.testng.SuiteRunner.privateRun(SuiteRunner.java:415)
at org.testng.SuiteRunner.run(SuiteRunner.java:364)
at org.testng.SuiteRunnerWorker.runSuite(SuiteRunnerWorker.java:52)
at org.testng.SuiteRunnerWorker.run(SuiteRunnerWorker.java:84)
at org.testng.TestNG.runSuitesSequentially(TestNG.java:1208)
at org.testng.TestNG.runSuitesLocally(TestNG.java:1137)
at org.testng.TestNG.runSuites(TestNG.java:1049)
at org.testng.TestNG.run(TestNG.java:1017)
at org.testng.remote.AbstractRemoteTestNG.run(AbstractRemoteTestNG.java:115)
at org.testng.remote.RemoteTestNG.initAndRun(RemoteTestNG.java:293)
at org.testng.remote.RemoteTestNG.main(RemoteTestNG.java:91)
]]>
            </full-stacktrace>
          </exception> <!-- java.lang.AssertionError -->
          <reporter-output>
          </reporter-output>
        </test-method> <!-- updateUserNumber_Negative -->
        <test-method is-config="true" signature="tearDown(org.testng.ITestResult)[pri:0, instance:com.Hotel.API.tests.Update_usernumber_NEGATIVE@35ef1869]" started-at="2025-08-13T05:32:51Z" name="tearDown" finished-at="2025-08-13T05:32:51Z" duration-ms="1" status="FAIL">
          <params>
            <param index="0">
              <value>
                <![CDATA[[TestResult name=updateUserNumber_Negative status=FAILURE method=Update_usernumber_NEGATIVE.updateUserNumber_Negative()[pri:0, instance:com.Hotel.API.tests.Update_usernumber_NEGATIVE@35ef1869] output={null}]]]>
              </value>
            </param>
          </params>
          <exception class="java.lang.AssertionError">
            <message>
              <![CDATA[The following asserts failed:
Status code should be 404 expected [404] but found [200]]]>
            </message>
            <full-stacktrace>
              <![CDATA[java.lang.AssertionError: The following asserts failed:
Status code should be 404 expected [404] but found [200]
at org.testng.asserts.SoftAssert.assertAll(SoftAssert.java:43)
at com.Hotel.API.base.Base.tearDown(Base.java:57)
at java.base/jdk.internal.reflect.DirectMethodHandleAccessor.invoke(DirectMethodHandleAccessor.java:103)
at java.base/java.lang.reflect.Method.invoke(Method.java:580)
at org.testng.internal.MethodInvocationHelper.invokeMethod(MethodInvocationHelper.java:124)
at org.testng.internal.MethodInvocationHelper.invokeMethodConsideringTimeout(MethodInvocationHelper.java:59)
at org.testng.internal.Invoker.invokeConfigurationMethod(Invoker.java:458)
at org.testng.internal.Invoker.invokeConfigurations(Invoker.java:222)
at org.testng.internal.Invoker.invokeMethod(Invoker.java:646)
at org.testng.internal.Invoker.invokeTestMethod(Invoker.java:719)
at org.testng.internal.Invoker.invokeTestMethods(Invoker.java:989)
at org.testng.internal.TestMethodWorker.invokeTestMethods(TestMethodWorker.java:125)
at org.testng.internal.TestMethodWorker.run(TestMethodWorker.java:109)
at org.testng.TestRunner.privateRun(TestRunner.java:648)
at org.testng.TestRunner.run(TestRunner.java:505)
at org.testng.SuiteRunner.runTest(SuiteRunner.java:455)
at org.testng.SuiteRunner.runSequentially(SuiteRunner.java:450)
at org.testng.SuiteRunner.privateRun(SuiteRunner.java:415)
at org.testng.SuiteRunner.run(SuiteRunner.java:364)
at org.testng.SuiteRunnerWorker.runSuite(SuiteRunnerWorker.java:52)
at org.testng.SuiteRunnerWorker.run(SuiteRunnerWorker.java:84)
at org.testng.TestNG.runSuitesSequentially(TestNG.java:1208)
at org.testng.TestNG.runSuitesLocally(TestNG.java:1137)
at org.testng.TestNG.runSuites(TestNG.java:1049)
at org.testng.TestNG.run(TestNG.java:1017)
at org.testng.remote.AbstractRemoteTestNG.run(AbstractRemoteTestNG.java:115)
at org.testng.remote.RemoteTestNG.initAndRun(RemoteTestNG.java:293)
at org.testng.remote.RemoteTestNG.main(RemoteTestNG.java:91)
]]>
            </full-stacktrace>
          </exception> <!-- java.lang.AssertionError -->
          <reporter-output>
          </reporter-output>
        </test-method> <!-- tearDown -->
      </class> <!-- com.Hotel.API.tests.Update_usernumber_NEGATIVE -->
      <class name="com.Hotel.API.tests.Add_user">
        <test-method is-config="true" signature="beforeAll()[pri:0, instance:com.Hotel.API.tests.Add_user@1cbbffcd]" started-at="2025-08-13T05:32:44Z" name="beforeAll" finished-at="2025-08-13T05:32:45Z" duration-ms="366" status="PASS">
          <reporter-output>
          </reporter-output>
        </test-method> <!-- beforeAll -->
        <test-method is-config="true" signature="authenticate()[pri:0, instance:com.Hotel.API.tests.Add_user@1cbbffcd]" started-at="2025-08-13T05:32:45Z" name="authenticate" finished-at="2025-08-13T05:32:48Z" duration-ms="3493" status="PASS">
          <reporter-output>
          </reporter-output>
        </test-method> <!-- authenticate -->
        <test-method is-config="true" signature="startTest(java.lang.reflect.Method)[pri:0, instance:com.Hotel.API.tests.Add_user@1cbbffcd]" started-at="2025-08-13T05:32:48Z" name="startTest" finished-at="2025-08-13T05:32:48Z" duration-ms="2" status="PASS">
          <params>
            <param index="0">
              <value>
                <![CDATA[public void com.Hotel.API.tests.Add_user.addUser()]]>
              </value>
            </param>
          </params>
          <reporter-output>
          </reporter-output>
        </test-method> <!-- startTest -->
        <test-method signature="addUser()[pri:0, instance:com.Hotel.API.tests.Add_user@1cbbffcd]" started-at="2025-08-13T05:32:48Z" name="addUser" finished-at="2025-08-13T05:32:50Z" duration-ms="1459" status="PASS">
          <reporter-output>
          </reporter-output>
        </test-method> <!-- addUser -->
        <test-method is-config="true" signature="tearDown(org.testng.ITestResult)[pri:0, instance:com.Hotel.API.tests.Add_user@1cbbffcd]" started-at="2025-08-13T05:32:50Z" name="tearDown" finished-at="2025-08-13T05:32:50Z" duration-ms="1" status="PASS">
          <params>
            <param index="0">
              <value>
                <![CDATA[[TestResult name=addUser status=SUCCESS method=Add_user.addUser()[pri:0, instance:com.Hotel.API.tests.Add_user@1cbbffcd] output={null}]]]>
              </value>
            </param>
          </params>
          <reporter-output>
          </reporter-output>
        </test-method> <!-- tearDown -->
        <test-method is-config="true" signature="afterAll()[pri:0, instance:com.Hotel.API.tests.Add_user@1cbbffcd]" started-at="2025-08-13T05:32:51Z" name="afterAll" finished-at="2025-08-13T05:32:51Z" duration-ms="366" status="PASS">
          <reporter-output>
          </reporter-output>
        </test-method> <!-- afterAll -->
      </class> <!-- com.Hotel.API.tests.Add_user -->
      <class name="com.Hotel.API.tests.View_user_list">
        <test-method is-config="true" signature="startTest(java.lang.reflect.Method)[pri:0, instance:com.Hotel.API.tests.View_user_list@3427b02d]" started-at="2025-08-13T05:32:50Z" name="startTest" finished-at="2025-08-13T05:32:50Z" duration-ms="0" status="PASS">
          <params>
            <param index="0">
              <value>
                <![CDATA[public void com.Hotel.API.tests.View_user_list.viewUserList()]]>
              </value>
            </param>
          </params>
          <reporter-output>
          </reporter-output>
        </test-method> <!-- startTest -->
        <test-method signature="viewUserList()[pri:0, instance:com.Hotel.API.tests.View_user_list@3427b02d]" started-at="2025-08-13T05:32:50Z" name="viewUserList" finished-at="2025-08-13T05:32:50Z" duration-ms="192" status="PASS">
          <reporter-output>
          </reporter-output>
        </test-method> <!-- viewUserList -->
        <test-method is-config="true" signature="tearDown(org.testng.ITestResult)[pri:0, instance:com.Hotel.API.tests.View_user_list@3427b02d]" started-at="2025-08-13T05:32:50Z" name="tearDown" finished-at="2025-08-13T05:32:50Z" duration-ms="0" status="PASS">
          <params>
            <param index="0">
              <value>
                <![CDATA[[TestResult name=viewUserList status=SUCCESS method=View_user_list.viewUserList()[pri:0, instance:com.Hotel.API.tests.View_user_list@3427b02d] output={null}]]]>
              </value>
            </param>
          </params>
          <reporter-output>
          </reporter-output>
        </test-method> <!-- tearDown -->
      </class> <!-- com.Hotel.API.tests.View_user_list -->
      <class name="com.Hotel.API.tests.Delete_user_by_id">
        <test-method is-config="true" signature="startTest(java.lang.reflect.Method)[pri:0, instance:com.Hotel.API.tests.Delete_user_by_id@c33b74f]" started-at="2025-08-13T05:32:51Z" name="startTest" finished-at="2025-08-13T05:32:51Z" duration-ms="2" status="PASS">
          <params>
            <param index="0">
              <value>
                <![CDATA[public void com.Hotel.API.tests.Delete_user_by_id.deleteUserById_Positive()]]>
              </value>
            </param>
          </params>
          <reporter-output>
          </reporter-output>
        </test-method> <!-- startTest -->
        <test-method signature="deleteUserById_Positive()[pri:0, instance:com.Hotel.API.tests.Delete_user_by_id@c33b74f]" started-at="2025-08-13T05:32:51Z" name="deleteUserById_Positive" finished-at="2025-08-13T05:32:51Z" duration-ms="165" status="PASS">
          <reporter-output>
          </reporter-output>
        </test-method> <!-- deleteUserById_Positive -->
        <test-method is-config="true" signature="tearDown(org.testng.ITestResult)[pri:0, instance:com.Hotel.API.tests.Delete_user_by_id@c33b74f]" started-at="2025-08-13T05:32:51Z" name="tearDown" finished-at="2025-08-13T05:32:51Z" duration-ms="0" status="PASS">
          <params>
            <param index="0">
              <value>
                <![CDATA[[TestResult name=deleteUserById_Positive status=SUCCESS method=Delete_user_by_id.deleteUserById_Positive()[pri:0, instance:com.Hotel.API.tests.Delete_user_by_id@c33b74f] output={null}]]]>
              </value>
            </param>
          </params>
          <reporter-output>
          </reporter-output>
        </test-method> <!-- tearDown -->
      </class> <!-- com.Hotel.API.tests.Delete_user_by_id -->
    </test> <!-- Test -->
  </suite> <!-- Suite -->
</testng-results>
